{"/home/runner/work/gist-preview/gist-preview/src/components/FileSelector.tsx": {"path":"/home/runner/work/gist-preview/gist-preview/src/components/FileSelector.tsx","statementMap":{"0":{"start":{"line":13,"column":2},"end":{"line":29,"column":null}},"1":{"start":{"line":15,"column":6},"end":{"line":15,"column":null}},"2":{"start":{"line":17,"column":6},"end":{"line":17,"column":null}},"3":{"start":{"line":19,"column":6},"end":{"line":19,"column":null}},"4":{"start":{"line":21,"column":6},"end":{"line":21,"column":null}},"5":{"start":{"line":23,"column":6},"end":{"line":23,"column":null}},"6":{"start":{"line":25,"column":6},"end":{"line":25,"column":null}},"7":{"start":{"line":28,"column":6},"end":{"line":28,"column":null}},"8":{"start":{"line":33,"column":2},"end":{"line":33,"column":null}},"9":{"start":{"line":33,"column":25},"end":{"line":33,"column":null}},"10":{"start":{"line":38,"column":27},"end":{"line":38,"column":null}},"11":{"start":{"line":39,"column":14},"end":{"line":39,"column":null}},"12":{"start":{"line":40,"column":14},"end":{"line":40,"column":null}},"13":{"start":{"line":46,"column":27},"end":{"line":46,"column":null}}},"fnMap":{"0":{"name":"getFileTypeColor","decl":{"start":{"line":12,"column":9},"end":{"line":12,"column":26}},"loc":{"start":{"line":12,"column":51},"end":{"line":30,"column":null}},"line":12},"1":{"name":"FileSelector","decl":{"start":{"line":32,"column":16},"end":{"line":32,"column":29}},"loc":{"start":{"line":32,"column":81},"end":{"line":77,"column":null}},"line":32},"2":{"name":"(anonymous_2)","decl":{"start":{"line":37,"column":17},"end":{"line":37,"column":18}},"loc":{"start":{"line":37,"column":18},"end":{"line":74,"column":null}},"line":37},"3":{"name":"(anonymous_3)","decl":{"start":{"line":46,"column":21},"end":{"line":46,"column":27}},"loc":{"start":{"line":46,"column":27},"end":{"line":46,"column":null}},"line":46}},"branchMap":{"0":{"loc":{"start":{"line":13,"column":2},"end":{"line":29,"column":null}},"type":"switch","locations":[{"start":{"line":14,"column":4},"end":{"line":15,"column":null}},{"start":{"line":16,"column":4},"end":{"line":17,"column":null}},{"start":{"line":18,"column":4},"end":{"line":19,"column":null}},{"start":{"line":20,"column":4},"end":{"line":21,"column":null}},{"start":{"line":22,"column":4},"end":{"line":23,"column":null}},{"start":{"line":24,"column":4},"end":{"line":25,"column":null}},{"start":{"line":26,"column":4},"end":{"line":26,"column":null}},{"start":{"line":27,"column":4},"end":{"line":28,"column":null}}],"line":13},"1":{"loc":{"start":{"line":33,"column":2},"end":{"line":33,"column":null}},"type":"if","locations":[{"start":{"line":33,"column":2},"end":{"line":33,"column":null}},{"start":{},"end":{}}],"line":33},"2":{"loc":{"start":{"line":50,"column":16},"end":{"line":52,"column":null}},"type":"cond-expr","locations":[{"start":{"line":51,"column":18},"end":{"line":51,"column":null}},{"start":{"line":52,"column":18},"end":{"line":52,"column":null}}],"line":50}},"s":{"0":18,"1":1,"2":2,"3":1,"4":1,"5":1,"6":0,"7":12,"8":11,"9":2,"10":18,"11":18,"12":18,"13":1},"f":{"0":18,"1":11,"2":18,"3":1},"b":{"0":[1,2,1,1,1,0,12,12],"1":[2,9],"2":[8,10]},"meta":{"lastBranch":3,"lastFunction":4,"lastStatement":14,"seen":{"f:12:9:12:26":0,"b:14:4:15:Infinity:16:4:17:Infinity:18:4:19:Infinity:20:4:21:Infinity:22:4:23:Infinity:24:4:25:Infinity:26:4:26:Infinity:27:4:28:Infinity":0,"s:13:2:29:Infinity":0,"s:15:6:15:Infinity":1,"s:17:6:17:Infinity":2,"s:19:6:19:Infinity":3,"s:21:6:21:Infinity":4,"s:23:6:23:Infinity":5,"s:25:6:25:Infinity":6,"s:28:6:28:Infinity":7,"f:32:16:32:29":1,"b:33:2:33:Infinity:undefined:undefined:undefined:undefined":1,"s:33:2:33:Infinity":8,"s:33:25:33:Infinity":9,"f:37:17:37:18":2,"s:38:27:38:Infinity":10,"s:39:14:39:Infinity":11,"s:40:14:40:Infinity":12,"f:46:21:46:27":3,"s:46:27:46:Infinity":13,"b:51:18:51:Infinity:52:18:52:Infinity":2}}}
,"/home/runner/work/gist-preview/gist-preview/src/components/GistInput.tsx": {"path":"/home/runner/work/gist-preview/gist-preview/src/components/GistInput.tsx","statementMap":{"0":{"start":{"line":15,"column":25},"end":{"line":15,"column":null}},"1":{"start":{"line":16,"column":45},"end":{"line":16,"column":null}},"2":{"start":{"line":18,"column":23},"end":{"line":18,"column":null}},"3":{"start":{"line":20,"column":8},"end":{"line":35,"column":null}},"4":{"start":{"line":21,"column":4},"end":{"line":24,"column":null}},"5":{"start":{"line":22,"column":6},"end":{"line":22,"column":null}},"6":{"start":{"line":23,"column":6},"end":{"line":23,"column":null}},"7":{"start":{"line":26,"column":10},"end":{"line":26,"column":null}},"8":{"start":{"line":28,"column":4},"end":{"line":31,"column":null}},"9":{"start":{"line":29,"column":6},"end":{"line":29,"column":null}},"10":{"start":{"line":30,"column":6},"end":{"line":30,"column":null}},"11":{"start":{"line":33,"column":4},"end":{"line":33,"column":null}},"12":{"start":{"line":34,"column":4},"end":{"line":34,"column":null}},"13":{"start":{"line":37,"column":24},"end":{"line":42,"column":null}},"14":{"start":{"line":38,"column":4},"end":{"line":41,"column":null}},"15":{"start":{"line":39,"column":6},"end":{"line":39,"column":null}},"16":{"start":{"line":40,"column":6},"end":{"line":40,"column":null}},"17":{"start":{"line":44,"column":22},"end":{"line":47,"column":null}},"18":{"start":{"line":45,"column":4},"end":{"line":45,"column":null}},"19":{"start":{"line":46,"column":4},"end":{"line":46,"column":null}},"20":{"start":{"line":58,"column":12},"end":{"line":58,"column":null}},"21":{"start":{"line":59,"column":12},"end":{"line":59,"column":null}},"22":{"start":{"line":59,"column":33},"end":{"line":59,"column":null}},"23":{"start":{"line":128,"column":25},"end":{"line":128,"column":null}}},"fnMap":{"0":{"name":"GistInput","decl":{"start":{"line":14,"column":16},"end":{"line":14,"column":26}},"loc":{"start":{"line":14,"column":70},"end":{"line":136,"column":null}},"line":14},"1":{"name":"(anonymous_1)","decl":{"start":{"line":20,"column":35},"end":{"line":20,"column":null}},"loc":{"start":{"line":20,"column":35},"end":{"line":35,"column":5}},"line":20},"2":{"name":"(anonymous_2)","decl":{"start":{"line":37,"column":24},"end":{"line":37,"column":25}},"loc":{"start":{"line":37,"column":25},"end":{"line":42,"column":null}},"line":37},"3":{"name":"(anonymous_3)","decl":{"start":{"line":44,"column":22},"end":{"line":44,"column":null}},"loc":{"start":{"line":44,"column":22},"end":{"line":47,"column":null}},"line":44},"4":{"name":"(anonymous_4)","decl":{"start":{"line":57,"column":20},"end":{"line":57,"column":21}},"loc":{"start":{"line":57,"column":21},"end":{"line":60,"column":null}},"line":57},"5":{"name":"(anonymous_5)","decl":{"start":{"line":128,"column":19},"end":{"line":128,"column":25}},"loc":{"start":{"line":128,"column":25},"end":{"line":128,"column":null}},"line":128}},"branchMap":{"0":{"loc":{"start":{"line":18,"column":23},"end":{"line":18,"column":null}},"type":"binary-expr","locations":[{"start":{"line":18,"column":23},"end":{"line":18,"column":32}},{"start":{"line":18,"column":32},"end":{"line":18,"column":null}}],"line":18},"1":{"loc":{"start":{"line":21,"column":4},"end":{"line":24,"column":null}},"type":"if","locations":[{"start":{"line":21,"column":4},"end":{"line":24,"column":null}},{"start":{},"end":{}}],"line":21},"2":{"loc":{"start":{"line":28,"column":4},"end":{"line":31,"column":null}},"type":"if","locations":[{"start":{"line":28,"column":4},"end":{"line":31,"column":null}},{"start":{},"end":{}}],"line":28},"3":{"loc":{"start":{"line":38,"column":4},"end":{"line":41,"column":null}},"type":"if","locations":[{"start":{"line":38,"column":4},"end":{"line":41,"column":null}},{"start":{},"end":{}}],"line":38},"4":{"loc":{"start":{"line":59,"column":12},"end":{"line":59,"column":null}},"type":"if","locations":[{"start":{"line":59,"column":12},"end":{"line":59,"column":null}},{"start":{},"end":{}}],"line":59},"5":{"loc":{"start":{"line":68,"column":14},"end":{"line":68,"column":null}},"type":"cond-expr","locations":[{"start":{"line":68,"column":29},"end":{"line":68,"column":75}},{"start":{"line":68,"column":75},"end":{"line":68,"column":null}}],"line":68},"6":{"loc":{"start":{"line":95,"column":22},"end":{"line":95,"column":null}},"type":"binary-expr","locations":[{"start":{"line":95,"column":22},"end":{"line":95,"column":33}},{"start":{"line":95,"column":33},"end":{"line":95,"column":null}}],"line":95}},"s":{"0":203,"1":203,"2":203,"3":203,"4":6,"5":1,"6":1,"7":5,"8":5,"9":2,"10":2,"11":3,"12":3,"13":203,"14":182,"15":2,"16":2,"17":203,"18":1,"19":1,"20":181,"21":181,"22":1,"23":0},"f":{"0":203,"1":6,"2":182,"3":1,"4":181,"5":0},"b":{"0":[203,202],"1":[1,5],"2":[2,3],"3":[2,180],"4":[1,180],"5":[4,199],"6":[203,202]},"meta":{"lastBranch":7,"lastFunction":6,"lastStatement":24,"seen":{"f:14:16:14:26":0,"s:15:25:15:Infinity":0,"s:16:45:16:Infinity":1,"s:18:23:18:Infinity":2,"b:18:23:18:32:18:32:18:Infinity":0,"s:20:8:35:Infinity":3,"f:20:35:20:Infinity":1,"b:21:4:24:Infinity:undefined:undefined:undefined:undefined":1,"s:21:4:24:Infinity":4,"s:22:6:22:Infinity":5,"s:23:6:23:Infinity":6,"s:26:10:26:Infinity":7,"b:28:4:31:Infinity:undefined:undefined:undefined:undefined":2,"s:28:4:31:Infinity":8,"s:29:6:29:Infinity":9,"s:30:6:30:Infinity":10,"s:33:4:33:Infinity":11,"s:34:4:34:Infinity":12,"s:37:24:42:Infinity":13,"f:37:24:37:25":2,"b:38:4:41:Infinity:undefined:undefined:undefined:undefined":3,"s:38:4:41:Infinity":14,"s:39:6:39:Infinity":15,"s:40:6:40:Infinity":16,"s:44:22:47:Infinity":17,"f:44:22:44:Infinity":3,"s:45:4:45:Infinity":18,"s:46:4:46:Infinity":19,"f:57:20:57:21":4,"s:58:12:58:Infinity":20,"b:59:12:59:Infinity:undefined:undefined:undefined:undefined":4,"s:59:12:59:Infinity":21,"s:59:33:59:Infinity":22,"b:68:29:68:75:68:75:68:Infinity":5,"b:95:22:95:33:95:33:95:Infinity":6,"f:128:19:128:25":5,"s:128:25:128:Infinity":23}}}
,"/home/runner/work/gist-preview/gist-preview/src/components/GistPreview.tsx": {"path":"/home/runner/work/gist-preview/gist-preview/src/components/GistPreview.tsx","statementMap":{"0":{"start":{"line":24,"column":31},"end":{"line":24,"column":null}},"1":{"start":{"line":25,"column":31},"end":{"line":25,"column":null}},"2":{"start":{"line":26,"column":39},"end":{"line":26,"column":null}},"3":{"start":{"line":27,"column":8},"end":{"line":27,"column":null}},"4":{"start":{"line":29,"column":8},"end":{"line":29,"column":null}},"5":{"start":{"line":29,"column":30},"end":{"line":29,"column":57}},"6":{"start":{"line":30,"column":8},"end":{"line":30,"column":null}},"7":{"start":{"line":30,"column":30},"end":{"line":30,"column":64}},"8":{"start":{"line":32,"column":8},"end":{"line":35,"column":null}},"9":{"start":{"line":33,"column":4},"end":{"line":33,"column":null}},"10":{"start":{"line":33,"column":23},"end":{"line":33,"column":null}},"11":{"start":{"line":34,"column":4},"end":{"line":34,"column":null}},"12":{"start":{"line":37,"column":8},"end":{"line":47,"column":null}},"13":{"start":{"line":38,"column":4},"end":{"line":38,"column":null}},"14":{"start":{"line":38,"column":22},"end":{"line":38,"column":null}},"15":{"start":{"line":40,"column":10},"end":{"line":40,"column":null}},"16":{"start":{"line":42,"column":4},"end":{"line":44,"column":null}},"17":{"start":{"line":43,"column":6},"end":{"line":43,"column":null}},"18":{"start":{"line":46,"column":4},"end":{"line":46,"column":null}},"19":{"start":{"line":49,"column":25},"end":{"line":53,"column":null}},"20":{"start":{"line":50,"column":10},"end":{"line":50,"column":null}},"21":{"start":{"line":51,"column":4},"end":{"line":51,"column":null}},"22":{"start":{"line":52,"column":4},"end":{"line":52,"column":null}},"23":{"start":{"line":55,"column":29},"end":{"line":57,"column":null}},"24":{"start":{"line":56,"column":4},"end":{"line":56,"column":null}},"25":{"start":{"line":59,"column":8},"end":{"line":61,"column":null}},"26":{"start":{"line":60,"column":4},"end":{"line":60,"column":null}},"27":{"start":{"line":63,"column":8},"end":{"line":65,"column":null}},"28":{"start":{"line":64,"column":4},"end":{"line":64,"column":null}},"29":{"start":{"line":67,"column":2},"end":{"line":76,"column":null}},"30":{"start":{"line":68,"column":4},"end":{"line":68,"column":null}},"31":{"start":{"line":68,"column":26},"end":{"line":68,"column":null}},"32":{"start":{"line":69,"column":26},"end":{"line":73,"column":null}},"33":{"start":{"line":70,"column":6},"end":{"line":72,"column":null}},"34":{"start":{"line":71,"column":8},"end":{"line":71,"column":null}},"35":{"start":{"line":74,"column":4},"end":{"line":74,"column":null}},"36":{"start":{"line":75,"column":4},"end":{"line":75,"column":null}},"37":{"start":{"line":75,"column":17},"end":{"line":75,"column":null}},"38":{"start":{"line":175,"column":27},"end":{"line":175,"column":null}}},"fnMap":{"0":{"name":"GistPreview","decl":{"start":{"line":23,"column":16},"end":{"line":23,"column":28}},"loc":{"start":{"line":23,"column":143},"end":{"line":215,"column":null}},"line":23},"1":{"name":"(anonymous_1)","decl":{"start":{"line":29,"column":24},"end":{"line":29,"column":30}},"loc":{"start":{"line":29,"column":30},"end":{"line":29,"column":57}},"line":29},"2":{"name":"(anonymous_2)","decl":{"start":{"line":30,"column":30},"end":{"line":30,"column":36}},"loc":{"start":{"line":30,"column":30},"end":{"line":30,"column":64}},"line":30},"3":{"name":"(anonymous_3)","decl":{"start":{"line":32,"column":30},"end":{"line":32,"column":null}},"loc":{"start":{"line":32,"column":30},"end":{"line":35,"column":5}},"line":32},"4":{"name":"(anonymous_4)","decl":{"start":{"line":37,"column":33},"end":{"line":37,"column":null}},"loc":{"start":{"line":37,"column":33},"end":{"line":47,"column":5}},"line":37},"5":{"name":"(anonymous_5)","decl":{"start":{"line":49,"column":25},"end":{"line":49,"column":null}},"loc":{"start":{"line":49,"column":25},"end":{"line":53,"column":null}},"line":49},"6":{"name":"(anonymous_6)","decl":{"start":{"line":55,"column":29},"end":{"line":55,"column":null}},"loc":{"start":{"line":55,"column":29},"end":{"line":57,"column":null}},"line":55},"7":{"name":"(anonymous_7)","decl":{"start":{"line":59,"column":39},"end":{"line":59,"column":null}},"loc":{"start":{"line":59,"column":39},"end":{"line":61,"column":5}},"line":59},"8":{"name":"(anonymous_8)","decl":{"start":{"line":63,"column":43},"end":{"line":63,"column":null}},"loc":{"start":{"line":63,"column":43},"end":{"line":65,"column":5}},"line":63},"9":{"name":"(anonymous_9)","decl":{"start":{"line":67,"column":12},"end":{"line":67,"column":null}},"loc":{"start":{"line":67,"column":12},"end":{"line":76,"column":5}},"line":67},"10":{"name":"(anonymous_10)","decl":{"start":{"line":69,"column":26},"end":{"line":69,"column":27}},"loc":{"start":{"line":69,"column":27},"end":{"line":73,"column":null}},"line":69},"11":{"name":"(anonymous_11)","decl":{"start":{"line":75,"column":11},"end":{"line":75,"column":17}},"loc":{"start":{"line":75,"column":17},"end":{"line":75,"column":null}},"line":75},"12":{"name":"(anonymous_12)","decl":{"start":{"line":175,"column":21},"end":{"line":175,"column":27}},"loc":{"start":{"line":175,"column":27},"end":{"line":175,"column":null}},"line":175}},"branchMap":{"0":{"loc":{"start":{"line":23,"column":72},"end":{"line":23,"column":97}},"type":"default-arg","locations":[{"start":{"line":23,"column":92},"end":{"line":23,"column":97}}],"line":23},"1":{"loc":{"start":{"line":23,"column":99},"end":{"line":23,"column":123}},"type":"default-arg","locations":[{"start":{"line":23,"column":118},"end":{"line":23,"column":123}}],"line":23},"2":{"loc":{"start":{"line":26,"column":51},"end":{"line":26,"column":null}},"type":"binary-expr","locations":[{"start":{"line":26,"column":51},"end":{"line":26,"column":72}},{"start":{"line":26,"column":72},"end":{"line":26,"column":null}}],"line":26},"3":{"loc":{"start":{"line":33,"column":4},"end":{"line":33,"column":null}},"type":"if","locations":[{"start":{"line":33,"column":4},"end":{"line":33,"column":null}},{"start":{},"end":{}}],"line":33},"4":{"loc":{"start":{"line":34,"column":11},"end":{"line":34,"column":null}},"type":"binary-expr","locations":[{"start":{"line":34,"column":11},"end":{"line":34,"column":35}},{"start":{"line":34,"column":39},"end":{"line":34,"column":null}}],"line":34},"5":{"loc":{"start":{"line":38,"column":4},"end":{"line":38,"column":null}},"type":"if","locations":[{"start":{"line":38,"column":4},"end":{"line":38,"column":null}},{"start":{},"end":{}}],"line":38},"6":{"loc":{"start":{"line":42,"column":4},"end":{"line":44,"column":null}},"type":"if","locations":[{"start":{"line":42,"column":4},"end":{"line":44,"column":null}},{"start":{},"end":{}}],"line":42},"7":{"loc":{"start":{"line":50,"column":45},"end":{"line":50,"column":null}},"type":"binary-expr","locations":[{"start":{"line":50,"column":45},"end":{"line":50,"column":61}},{"start":{"line":50,"column":61},"end":{"line":50,"column":null}}],"line":50},"8":{"loc":{"start":{"line":68,"column":4},"end":{"line":68,"column":null}},"type":"if","locations":[{"start":{"line":68,"column":4},"end":{"line":68,"column":null}},{"start":{},"end":{}}],"line":68},"9":{"loc":{"start":{"line":70,"column":6},"end":{"line":72,"column":null}},"type":"if","locations":[{"start":{"line":70,"column":6},"end":{"line":72,"column":null}},{"start":{},"end":{}}],"line":70},"10":{"loc":{"start":{"line":70,"column":10},"end":{"line":70,"column":46}},"type":"binary-expr","locations":[{"start":{"line":70,"column":10},"end":{"line":70,"column":32}},{"start":{"line":70,"column":32},"end":{"line":70,"column":46}}],"line":70},"11":{"loc":{"start":{"line":91,"column":22},"end":{"line":93,"column":233}},"type":"cond-expr","locations":[{"start":{"line":92,"column":18},"end":{"line":92,"column":null}},{"start":{"line":93,"column":18},"end":{"line":93,"column":233}}],"line":91},"12":{"loc":{"start":{"line":91,"column":22},"end":{"line":91,"column":null}},"type":"binary-expr","locations":[{"start":{"line":91,"column":22},"end":{"line":91,"column":76}},{"start":{"line":91,"column":76},"end":{"line":91,"column":null}}],"line":91},"13":{"loc":{"start":{"line":151,"column":15},"end":{"line":151,"column":null}},"type":"binary-expr","locations":[{"start":{"line":151,"column":15},"end":{"line":151,"column":31}},{"start":{"line":151,"column":35},"end":{"line":151,"column":null}}],"line":151},"14":{"loc":{"start":{"line":173,"column":21},"end":{"line":173,"column":null}},"type":"cond-expr","locations":[{"start":{"line":173,"column":32},"end":{"line":173,"column":46}},{"start":{"line":173,"column":46},"end":{"line":173,"column":null}}],"line":173},"15":{"loc":{"start":{"line":207,"column":21},"end":{"line":207,"column":null}},"type":"binary-expr","locations":[{"start":{"line":207,"column":21},"end":{"line":207,"column":45}},{"start":{"line":207,"column":45},"end":{"line":207,"column":null}}],"line":207}},"s":{"0":23,"1":23,"2":23,"3":23,"4":23,"5":19,"6":23,"7":19,"8":23,"9":19,"10":1,"11":18,"12":23,"13":19,"14":1,"15":18,"16":18,"17":18,"18":0,"19":23,"20":1,"21":1,"22":1,"23":23,"24":1,"25":23,"26":1,"27":23,"28":0,"29":23,"30":21,"31":2,"32":19,"33":1,"34":1,"35":19,"36":19,"37":19,"38":2},"f":{"0":23,"1":19,"2":19,"3":19,"4":19,"5":1,"6":1,"7":1,"8":0,"9":21,"10":1,"11":19,"12":2},"b":{"0":[23],"1":[23],"2":[23,17],"3":[1,18],"4":[18,0],"5":[1,18],"6":[18,0],"7":[1,0],"8":[2,19],"9":[1,0],"10":[1,1],"11":[6,0],"12":[6,0],"13":[23,1],"14":[2,21],"15":[2,0]},"meta":{"lastBranch":16,"lastFunction":13,"lastStatement":39,"seen":{"f:23:16:23:28":0,"b:23:92:23:97":0,"b:23:118:23:123":1,"s:24:31:24:Infinity":0,"s:25:31:25:Infinity":1,"s:26:39:26:Infinity":2,"b:26:51:26:72:26:72:26:Infinity":2,"s:27:8:27:Infinity":3,"s:29:8:29:Infinity":4,"f:29:24:29:30":1,"s:29:30:29:57":5,"s:30:8:30:Infinity":6,"f:30:30:30:36":2,"s:30:30:30:64":7,"s:32:8:35:Infinity":8,"f:32:30:32:Infinity":3,"b:33:4:33:Infinity:undefined:undefined:undefined:undefined":3,"s:33:4:33:Infinity":9,"s:33:23:33:Infinity":10,"s:34:4:34:Infinity":11,"b:34:11:34:35:34:39:34:Infinity":4,"s:37:8:47:Infinity":12,"f:37:33:37:Infinity":4,"b:38:4:38:Infinity:undefined:undefined:undefined:undefined":5,"s:38:4:38:Infinity":13,"s:38:22:38:Infinity":14,"s:40:10:40:Infinity":15,"b:42:4:44:Infinity:undefined:undefined:undefined:undefined":6,"s:42:4:44:Infinity":16,"s:43:6:43:Infinity":17,"s:46:4:46:Infinity":18,"s:49:25:53:Infinity":19,"f:49:25:49:Infinity":5,"s:50:10:50:Infinity":20,"b:50:45:50:61:50:61:50:Infinity":7,"s:51:4:51:Infinity":21,"s:52:4:52:Infinity":22,"s:55:29:57:Infinity":23,"f:55:29:55:Infinity":6,"s:56:4:56:Infinity":24,"s:59:8:61:Infinity":25,"f:59:39:59:Infinity":7,"s:60:4:60:Infinity":26,"s:63:8:65:Infinity":27,"f:63:43:63:Infinity":8,"s:64:4:64:Infinity":28,"s:67:2:76:Infinity":29,"f:67:12:67:Infinity":9,"b:68:4:68:Infinity:undefined:undefined:undefined:undefined":8,"s:68:4:68:Infinity":30,"s:68:26:68:Infinity":31,"s:69:26:73:Infinity":32,"f:69:26:69:27":10,"b:70:6:72:Infinity:undefined:undefined:undefined:undefined":9,"s:70:6:72:Infinity":33,"b:70:10:70:32:70:32:70:46":10,"s:71:8:71:Infinity":34,"s:74:4:74:Infinity":35,"s:75:4:75:Infinity":36,"f:75:11:75:17":11,"s:75:17:75:Infinity":37,"b:92:18:92:Infinity:93:18:93:233":11,"b:91:22:91:76:91:76:91:Infinity":12,"b:151:15:151:31:151:35:151:Infinity":13,"b:173:32:173:46:173:46:173:Infinity":14,"f:175:21:175:27":12,"s:175:27:175:Infinity":38,"b:207:21:207:45:207:45:207:Infinity":15}}}
,"/home/runner/work/gist-preview/gist-preview/src/components/PreviewFrame.tsx": {"path":"/home/runner/work/gist-preview/gist-preview/src/components/PreviewFrame.tsx","statementMap":{"0":{"start":{"line":6,"column":50},"end":{"line":10,"column":null}},"1":{"start":{"line":17,"column":13},"end":{"line":61,"column":null}},"2":{"start":{"line":18,"column":27},"end":{"line":18,"column":null}},"3":{"start":{"line":20,"column":2},"end":{"line":22,"column":null}},"4":{"start":{"line":21,"column":4},"end":{"line":21,"column":null}},"5":{"start":{"line":24,"column":8},"end":{"line":34,"column":null}},"6":{"start":{"line":25,"column":23},"end":{"line":29,"column":5}},"7":{"start":{"line":30,"column":4},"end":{"line":32,"column":null}},"8":{"start":{"line":31,"column":6},"end":{"line":31,"column":null}},"9":{"start":{"line":33,"column":4},"end":{"line":33,"column":null}},"10":{"start":{"line":36,"column":16},"end":{"line":36,"column":41}},"11":{"start":{"line":56,"column":24},"end":{"line":56,"column":null}}},"fnMap":{"0":{"name":"PreviewFrame","decl":{"start":{"line":17,"column":83},"end":{"line":17,"column":96}},"loc":{"start":{"line":17,"column":122},"end":{"line":61,"column":null}},"line":17},"1":{"name":"(anonymous_1)","decl":{"start":{"line":20,"column":12},"end":{"line":20,"column":null}},"loc":{"start":{"line":20,"column":12},"end":{"line":22,"column":5}},"line":20},"2":{"name":"(anonymous_2)","decl":{"start":{"line":24,"column":25},"end":{"line":24,"column":null}},"loc":{"start":{"line":24,"column":25},"end":{"line":34,"column":5}},"line":24},"3":{"name":"(anonymous_3)","decl":{"start":{"line":56,"column":18},"end":{"line":56,"column":24}},"loc":{"start":{"line":56,"column":24},"end":{"line":56,"column":null}},"line":56}},"branchMap":{"0":{"loc":{"start":{"line":30,"column":4},"end":{"line":32,"column":null}},"type":"if","locations":[{"start":{"line":30,"column":4},"end":{"line":32,"column":null}},{"start":{},"end":{}}],"line":30},"1":{"loc":{"start":{"line":30,"column":8},"end":{"line":30,"column":96}},"type":"binary-expr","locations":[{"start":{"line":30,"column":8},"end":{"line":30,"column":55}},{"start":{"line":30,"column":55},"end":{"line":30,"column":96}}],"line":30},"2":{"loc":{"start":{"line":55,"column":79},"end":{"line":55,"column":117}},"type":"cond-expr","locations":[{"start":{"line":55,"column":88},"end":{"line":55,"column":104}},{"start":{"line":55,"column":104},"end":{"line":55,"column":117}}],"line":55}},"s":{"0":1,"1":1,"2":16,"3":16,"4":14,"5":16,"6":14,"7":14,"8":2,"9":12,"10":16,"11":12},"f":{"0":16,"1":14,"2":14,"3":12},"b":{"0":[2,12],"1":[14,13],"2":[2,14]},"meta":{"lastBranch":3,"lastFunction":4,"lastStatement":12,"seen":{"s:6:50:10:Infinity":0,"s:17:13:61:Infinity":1,"f:17:83:17:96":0,"s:18:27:18:Infinity":2,"s:20:2:22:Infinity":3,"f:20:12:20:Infinity":1,"s:21:4:21:Infinity":4,"s:24:8:34:Infinity":5,"f:24:25:24:Infinity":2,"s:25:23:29:5":6,"b:30:4:32:Infinity:undefined:undefined:undefined:undefined":0,"s:30:4:32:Infinity":7,"b:30:8:30:55:30:55:30:96":1,"s:31:6:31:Infinity":8,"s:33:4:33:Infinity":9,"s:36:16:36:41":10,"b:55:88:55:104:55:104:55:117":2,"f:56:18:56:24":3,"s:56:24:56:Infinity":11}}}
,"/home/runner/work/gist-preview/gist-preview/src/components/RecentGists.tsx": {"path":"/home/runner/work/gist-preview/gist-preview/src/components/RecentGists.tsx","statementMap":{"0":{"start":{"line":16,"column":2},"end":{"line":16,"column":null}},"1":{"start":{"line":16,"column":26},"end":{"line":16,"column":null}},"2":{"start":{"line":51,"column":29},"end":{"line":51,"column":null}},"3":{"start":{"line":91,"column":20},"end":{"line":91,"column":null}},"4":{"start":{"line":92,"column":20},"end":{"line":92,"column":null}}},"fnMap":{"0":{"name":"RecentGists","decl":{"start":{"line":15,"column":16},"end":{"line":15,"column":28}},"loc":{"start":{"line":15,"column":84},"end":{"line":105,"column":null}},"line":15},"1":{"name":"(anonymous_1)","decl":{"start":{"line":51,"column":23},"end":{"line":51,"column":29}},"loc":{"start":{"line":51,"column":29},"end":{"line":51,"column":null}},"line":51},"2":{"name":"(anonymous_2)","decl":{"start":{"line":90,"column":27},"end":{"line":90,"column":28}},"loc":{"start":{"line":90,"column":28},"end":{"line":93,"column":null}},"line":90}},"branchMap":{"0":{"loc":{"start":{"line":16,"column":2},"end":{"line":16,"column":null}},"type":"if","locations":[{"start":{"line":16,"column":2},"end":{"line":16,"column":null}},{"start":{},"end":{}}],"line":16},"1":{"loc":{"start":{"line":57,"column":25},"end":{"line":57,"column":null}},"type":"binary-expr","locations":[{"start":{"line":57,"column":25},"end":{"line":57,"column":35}},{"start":{"line":57,"column":39},"end":{"line":57,"column":null}}],"line":57},"2":{"loc":{"start":{"line":83,"column":42},"end":{"line":83,"column":null}},"type":"cond-expr","locations":[{"start":{"line":83,"column":65},"end":{"line":83,"column":71}},{"start":{"line":83,"column":71},"end":{"line":83,"column":null}}],"line":83}},"s":{"0":15,"1":1,"2":1,"3":0,"4":0},"f":{"0":15,"1":1,"2":0},"b":{"0":[1,14],"1":[15,1],"2":[15,1]},"meta":{"lastBranch":3,"lastFunction":3,"lastStatement":5,"seen":{"f:15:16:15:28":0,"b:16:2:16:Infinity:undefined:undefined:undefined:undefined":0,"s:16:2:16:Infinity":0,"s:16:26:16:Infinity":1,"f:51:23:51:29":1,"s:51:29:51:Infinity":2,"b:57:25:57:35:57:39:57:Infinity":1,"b:83:65:83:71:83:71:83:Infinity":2,"f:90:27:90:28":2,"s:91:20:91:Infinity":3,"s:92:20:92:Infinity":4}}}
,"/home/runner/work/gist-preview/gist-preview/src/components/ViewportToggle.tsx": {"path":"/home/runner/work/gist-preview/gist-preview/src/components/ViewportToggle.tsx","statementMap":{"0":{"start":{"line":13,"column":75},"end":{"line":17,"column":null}},"1":{"start":{"line":24,"column":23},"end":{"line":24,"column":36}},"2":{"start":{"line":25,"column":27},"end":{"line":25,"column":48}},"3":{"start":{"line":33,"column":29},"end":{"line":33,"column":null}}},"fnMap":{"0":{"name":"ViewportToggle","decl":{"start":{"line":19,"column":16},"end":{"line":19,"column":31}},"loc":{"start":{"line":19,"column":85},"end":{"line":67,"column":null}},"line":19},"1":{"name":"(anonymous_1)","decl":{"start":{"line":23,"column":23},"end":{"line":23,"column":24}},"loc":{"start":{"line":23,"column":24},"end":{"line":52,"column":null}},"line":23},"2":{"name":"(anonymous_2)","decl":{"start":{"line":33,"column":23},"end":{"line":33,"column":29}},"loc":{"start":{"line":33,"column":29},"end":{"line":33,"column":null}},"line":33}},"branchMap":{"0":{"loc":{"start":{"line":36,"column":18},"end":{"line":36,"column":null}},"type":"cond-expr","locations":[{"start":{"line":36,"column":29},"end":{"line":36,"column":49}},{"start":{"line":36,"column":49},"end":{"line":36,"column":null}}],"line":36},"1":{"loc":{"start":{"line":47,"column":30},"end":{"line":47,"column":61}},"type":"cond-expr","locations":[{"start":{"line":47,"column":41},"end":{"line":47,"column":50}},{"start":{"line":47,"column":50},"end":{"line":47,"column":61}}],"line":47}},"s":{"0":1,"1":27,"2":27,"3":1},"f":{"0":9,"1":27,"2":1},"b":{"0":[9,18],"1":[9,18]},"meta":{"lastBranch":2,"lastFunction":3,"lastStatement":4,"seen":{"s:13:75:17:Infinity":0,"f:19:16:19:31":0,"f:23:23:23:24":1,"s:24:23:24:36":1,"s:25:27:25:48":2,"f:33:23:33:29":2,"s:33:29:33:Infinity":3,"b:36:29:36:49:36:49:36:Infinity":0,"b:47:41:47:50:47:50:47:61":1}}}
,"/home/runner/work/gist-preview/gist-preview/src/hooks/use-mobile.ts": {"path":"/home/runner/work/gist-preview/gist-preview/src/hooks/use-mobile.ts","statementMap":{"0":{"start":{"line":3,"column":26},"end":{"line":3,"column":null}},"1":{"start":{"line":6,"column":31},"end":{"line":6,"column":null}},"2":{"start":{"line":8,"column":2},"end":{"line":16,"column":null}},"3":{"start":{"line":9,"column":16},"end":{"line":9,"column":null}},"4":{"start":{"line":10,"column":21},"end":{"line":12,"column":null}},"5":{"start":{"line":11,"column":6},"end":{"line":11,"column":null}},"6":{"start":{"line":13,"column":4},"end":{"line":13,"column":null}},"7":{"start":{"line":14,"column":4},"end":{"line":14,"column":null}},"8":{"start":{"line":15,"column":4},"end":{"line":15,"column":null}},"9":{"start":{"line":15,"column":17},"end":{"line":15,"column":null}},"10":{"start":{"line":18,"column":2},"end":{"line":18,"column":null}}},"fnMap":{"0":{"name":"useIsMobile","decl":{"start":{"line":5,"column":16},"end":{"line":5,"column":null}},"loc":{"start":{"line":5,"column":16},"end":{"line":19,"column":null}},"line":5},"1":{"name":"(anonymous_1)","decl":{"start":{"line":8,"column":12},"end":{"line":8,"column":null}},"loc":{"start":{"line":8,"column":12},"end":{"line":16,"column":5}},"line":8},"2":{"name":"(anonymous_2)","decl":{"start":{"line":10,"column":21},"end":{"line":10,"column":null}},"loc":{"start":{"line":10,"column":21},"end":{"line":12,"column":null}},"line":10},"3":{"name":"(anonymous_3)","decl":{"start":{"line":15,"column":11},"end":{"line":15,"column":17}},"loc":{"start":{"line":15,"column":17},"end":{"line":15,"column":null}},"line":15}},"branchMap":{},"s":{"0":0,"1":0,"2":0,"3":0,"4":0,"5":0,"6":0,"7":0,"8":0,"9":0,"10":0},"f":{"0":0,"1":0,"2":0,"3":0},"b":{},"meta":{"lastBranch":0,"lastFunction":4,"lastStatement":11,"seen":{"s:3:26:3:Infinity":0,"f:5:16:5:Infinity":0,"s:6:31:6:Infinity":1,"s:8:2:16:Infinity":2,"f:8:12:8:Infinity":1,"s:9:16:9:Infinity":3,"s:10:21:12:Infinity":4,"f:10:21:10:Infinity":2,"s:11:6:11:Infinity":5,"s:13:4:13:Infinity":6,"s:14:4:14:Infinity":7,"s:15:4:15:Infinity":8,"f:15:11:15:17":3,"s:15:17:15:Infinity":9,"s:18:2:18:Infinity":10}}}
,"/home/runner/work/gist-preview/gist-preview/src/hooks/useGist.ts": {"path":"/home/runner/work/gist-preview/gist-preview/src/hooks/useGist.ts","statementMap":{"0":{"start":{"line":18,"column":19},"end":{"line":18,"column":null}},"1":{"start":{"line":19,"column":2},"end":{"line":19,"column":null}},"2":{"start":{"line":19,"column":29},"end":{"line":19,"column":null}},"3":{"start":{"line":21,"column":32},"end":{"line":21,"column":34}},"4":{"start":{"line":22,"column":36},"end":{"line":22,"column":38}},"5":{"start":{"line":23,"column":33},"end":{"line":23,"column":35}},"6":{"start":{"line":25,"column":2},"end":{"line":34,"column":null}},"7":{"start":{"line":26,"column":10},"end":{"line":26,"column":null}},"8":{"start":{"line":27,"column":4},"end":{"line":33,"column":null}},"9":{"start":{"line":28,"column":6},"end":{"line":28,"column":null}},"10":{"start":{"line":29,"column":11},"end":{"line":33,"column":null}},"11":{"start":{"line":30,"column":6},"end":{"line":30,"column":null}},"12":{"start":{"line":32,"column":6},"end":{"line":32,"column":null}},"13":{"start":{"line":36,"column":2},"end":{"line":42,"column":null}},"14":{"start":{"line":37,"column":22},"end":{"line":39,"column":null}},"15":{"start":{"line":38,"column":6},"end":{"line":39,"column":null}},"16":{"start":{"line":41,"column":4},"end":{"line":41,"column":null}},"17":{"start":{"line":44,"column":2},"end":{"line":50,"column":null}},"18":{"start":{"line":45,"column":23},"end":{"line":47,"column":null}},"19":{"start":{"line":46,"column":6},"end":{"line":47,"column":null}},"20":{"start":{"line":49,"column":4},"end":{"line":49,"column":null}},"21":{"start":{"line":52,"column":2},"end":{"line":52,"column":null}},"22":{"start":{"line":56,"column":23},"end":{"line":56,"column":null}},"23":{"start":{"line":57,"column":29},"end":{"line":57,"column":null}},"24":{"start":{"line":58,"column":25},"end":{"line":58,"column":null}},"25":{"start":{"line":59,"column":39},"end":{"line":59,"column":null}},"26":{"start":{"line":61,"column":8},"end":{"line":64,"column":null}},"27":{"start":{"line":62,"column":4},"end":{"line":62,"column":null}},"28":{"start":{"line":62,"column":15},"end":{"line":62,"column":null}},"29":{"start":{"line":63,"column":4},"end":{"line":63,"column":null}},"30":{"start":{"line":66,"column":8},"end":{"line":69,"column":null}},"31":{"start":{"line":67,"column":4},"end":{"line":67,"column":null}},"32":{"start":{"line":67,"column":15},"end":{"line":67,"column":null}},"33":{"start":{"line":68,"column":4},"end":{"line":68,"column":null}},"34":{"start":{"line":71,"column":8},"end":{"line":92,"column":null}},"35":{"start":{"line":72,"column":4},"end":{"line":72,"column":null}},"36":{"start":{"line":73,"column":4},"end":{"line":73,"column":null}},"37":{"start":{"line":75,"column":19},"end":{"line":75,"column":null}},"38":{"start":{"line":77,"column":4},"end":{"line":81,"column":null}},"39":{"start":{"line":78,"column":6},"end":{"line":78,"column":null}},"40":{"start":{"line":79,"column":6},"end":{"line":79,"column":null}},"41":{"start":{"line":80,"column":6},"end":{"line":80,"column":null}},"42":{"start":{"line":83,"column":4},"end":{"line":83,"column":null}},"43":{"start":{"line":85,"column":21},"end":{"line":85,"column":null}},"44":{"start":{"line":86,"column":4},"end":{"line":88,"column":null}},"45":{"start":{"line":87,"column":6},"end":{"line":87,"column":null}},"46":{"start":{"line":90,"column":4},"end":{"line":90,"column":null}},"47":{"start":{"line":91,"column":4},"end":{"line":91,"column":null}},"48":{"start":{"line":94,"column":8},"end":{"line":99,"column":null}},"49":{"start":{"line":95,"column":4},"end":{"line":95,"column":null}},"50":{"start":{"line":96,"column":4},"end":{"line":96,"column":null}},"51":{"start":{"line":97,"column":4},"end":{"line":97,"column":null}},"52":{"start":{"line":98,"column":4},"end":{"line":98,"column":null}},"53":{"start":{"line":101,"column":2},"end":{"line":111,"column":null}}},"fnMap":{"0":{"name":"selectBestFile","decl":{"start":{"line":17,"column":9},"end":{"line":17,"column":24}},"loc":{"start":{"line":17,"column":55},"end":{"line":53,"column":null}},"line":17},"1":{"name":"(anonymous_1)","decl":{"start":{"line":37,"column":37},"end":{"line":37,"column":null}},"loc":{"start":{"line":38,"column":6},"end":{"line":39,"column":null}},"line":38},"2":{"name":"(anonymous_2)","decl":{"start":{"line":45,"column":42},"end":{"line":45,"column":null}},"loc":{"start":{"line":46,"column":6},"end":{"line":47,"column":null}},"line":46},"3":{"name":"useGist","decl":{"start":{"line":55,"column":16},"end":{"line":55,"column":null}},"loc":{"start":{"line":55,"column":16},"end":{"line":112,"column":null}},"line":55},"4":{"name":"(anonymous_4)","decl":{"start":{"line":61,"column":24},"end":{"line":61,"column":null}},"loc":{"start":{"line":61,"column":24},"end":{"line":64,"column":5}},"line":61},"5":{"name":"(anonymous_5)","decl":{"start":{"line":66,"column":30},"end":{"line":66,"column":null}},"loc":{"start":{"line":66,"column":30},"end":{"line":69,"column":5}},"line":66},"6":{"name":"(anonymous_6)","decl":{"start":{"line":71,"column":31},"end":{"line":71,"column":38}},"loc":{"start":{"line":71,"column":38},"end":{"line":92,"column":5}},"line":71},"7":{"name":"(anonymous_7)","decl":{"start":{"line":94,"column":28},"end":{"line":94,"column":null}},"loc":{"start":{"line":94,"column":28},"end":{"line":99,"column":5}},"line":94}},"branchMap":{"0":{"loc":{"start":{"line":19,"column":2},"end":{"line":19,"column":null}},"type":"if","locations":[{"start":{"line":19,"column":2},"end":{"line":19,"column":null}},{"start":{},"end":{}}],"line":19},"1":{"loc":{"start":{"line":27,"column":4},"end":{"line":33,"column":null}},"type":"if","locations":[{"start":{"line":27,"column":4},"end":{"line":33,"column":null}},{"start":{"line":29,"column":11},"end":{"line":33,"column":null}}],"line":27},"2":{"loc":{"start":{"line":29,"column":11},"end":{"line":33,"column":null}},"type":"if","locations":[{"start":{"line":29,"column":11},"end":{"line":33,"column":null}},{"start":{"line":31,"column":11},"end":{"line":33,"column":null}}],"line":29},"3":{"loc":{"start":{"line":36,"column":2},"end":{"line":42,"column":null}},"type":"if","locations":[{"start":{"line":36,"column":2},"end":{"line":42,"column":null}},{"start":{},"end":{}}],"line":36},"4":{"loc":{"start":{"line":38,"column":6},"end":{"line":39,"column":null}},"type":"binary-expr","locations":[{"start":{"line":38,"column":6},"end":{"line":38,"column":null}},{"start":{"line":39,"column":6},"end":{"line":39,"column":null}}],"line":38},"5":{"loc":{"start":{"line":41,"column":11},"end":{"line":41,"column":55}},"type":"binary-expr","locations":[{"start":{"line":41,"column":11},"end":{"line":41,"column":34}},{"start":{"line":41,"column":34},"end":{"line":41,"column":55}}],"line":41},"6":{"loc":{"start":{"line":44,"column":2},"end":{"line":50,"column":null}},"type":"if","locations":[{"start":{"line":44,"column":2},"end":{"line":50,"column":null}},{"start":{},"end":{}}],"line":44},"7":{"loc":{"start":{"line":46,"column":6},"end":{"line":47,"column":null}},"type":"binary-expr","locations":[{"start":{"line":46,"column":6},"end":{"line":46,"column":null}},{"start":{"line":47,"column":6},"end":{"line":47,"column":null}}],"line":46},"8":{"loc":{"start":{"line":49,"column":11},"end":{"line":49,"column":60}},"type":"binary-expr","locations":[{"start":{"line":49,"column":11},"end":{"line":49,"column":35}},{"start":{"line":49,"column":35},"end":{"line":49,"column":60}}],"line":49},"9":{"loc":{"start":{"line":62,"column":4},"end":{"line":62,"column":null}},"type":"if","locations":[{"start":{"line":62,"column":4},"end":{"line":62,"column":null}},{"start":{},"end":{}}],"line":62},"10":{"loc":{"start":{"line":67,"column":4},"end":{"line":67,"column":null}},"type":"if","locations":[{"start":{"line":67,"column":4},"end":{"line":67,"column":null}},{"start":{},"end":{}}],"line":67},"11":{"loc":{"start":{"line":77,"column":4},"end":{"line":81,"column":null}},"type":"if","locations":[{"start":{"line":77,"column":4},"end":{"line":81,"column":null}},{"start":{},"end":{}}],"line":77},"12":{"loc":{"start":{"line":86,"column":4},"end":{"line":88,"column":null}},"type":"if","locations":[{"start":{"line":86,"column":4},"end":{"line":88,"column":null}},{"start":{},"end":{}}],"line":86}},"s":{"0":7,"1":7,"2":0,"3":7,"4":7,"5":7,"6":7,"7":12,"8":12,"9":6,"10":6,"11":2,"12":4,"13":7,"14":5,"15":6,"16":5,"17":2,"18":1,"19":1,"20":1,"21":1,"22":19,"23":19,"24":19,"25":19,"26":19,"27":17,"28":10,"29":7,"30":19,"31":17,"32":10,"33":7,"34":19,"35":8,"36":8,"37":8,"38":8,"39":1,"40":1,"41":1,"42":7,"43":7,"44":7,"45":7,"46":7,"47":7,"48":19,"49":1,"50":1,"51":1,"52":1,"53":19},"f":{"0":7,"1":6,"2":1,"3":19,"4":17,"5":17,"6":8,"7":1},"b":{"0":[0,7],"1":[6,6],"2":[2,4],"3":[5,2],"4":[6,1],"5":[5,0],"6":[1,1],"7":[1,0],"8":[1,0],"9":[10,7],"10":[10,7],"11":[1,7],"12":[7,0]},"meta":{"lastBranch":13,"lastFunction":8,"lastStatement":54,"seen":{"f:17:9:17:24":0,"s:18:19:18:Infinity":0,"b:19:2:19:Infinity:undefined:undefined:undefined:undefined":0,"s:19:2:19:Infinity":1,"s:19:29:19:Infinity":2,"s:21:32:21:34":3,"s:22:36:22:38":4,"s:23:33:23:35":5,"s:25:2:34:Infinity":6,"s:26:10:26:Infinity":7,"b:27:4:33:Infinity:29:11:33:Infinity":1,"s:27:4:33:Infinity":8,"s:28:6:28:Infinity":9,"b:29:11:33:Infinity:31:11:33:Infinity":2,"s:29:11:33:Infinity":10,"s:30:6:30:Infinity":11,"s:32:6:32:Infinity":12,"b:36:2:42:Infinity:undefined:undefined:undefined:undefined":3,"s:36:2:42:Infinity":13,"s:37:22:39:Infinity":14,"f:37:37:37:Infinity":1,"s:38:6:39:Infinity":15,"b:38:6:38:Infinity:39:6:39:Infinity":4,"s:41:4:41:Infinity":16,"b:41:11:41:34:41:34:41:55":5,"b:44:2:50:Infinity:undefined:undefined:undefined:undefined":6,"s:44:2:50:Infinity":17,"s:45:23:47:Infinity":18,"f:45:42:45:Infinity":2,"s:46:6:47:Infinity":19,"b:46:6:46:Infinity:47:6:47:Infinity":7,"s:49:4:49:Infinity":20,"b:49:11:49:35:49:35:49:60":8,"s:52:2:52:Infinity":21,"f:55:16:55:Infinity":3,"s:56:23:56:Infinity":22,"s:57:29:57:Infinity":23,"s:58:25:58:Infinity":24,"s:59:39:59:Infinity":25,"s:61:8:64:Infinity":26,"f:61:24:61:Infinity":4,"b:62:4:62:Infinity:undefined:undefined:undefined:undefined":9,"s:62:4:62:Infinity":27,"s:62:15:62:Infinity":28,"s:63:4:63:Infinity":29,"s:66:8:69:Infinity":30,"f:66:30:66:Infinity":5,"b:67:4:67:Infinity:undefined:undefined:undefined:undefined":10,"s:67:4:67:Infinity":31,"s:67:15:67:Infinity":32,"s:68:4:68:Infinity":33,"s:71:8:92:Infinity":34,"f:71:31:71:38":6,"s:72:4:72:Infinity":35,"s:73:4:73:Infinity":36,"s:75:19:75:Infinity":37,"b:77:4:81:Infinity:undefined:undefined:undefined:undefined":11,"s:77:4:81:Infinity":38,"s:78:6:78:Infinity":39,"s:79:6:79:Infinity":40,"s:80:6:80:Infinity":41,"s:83:4:83:Infinity":42,"s:85:21:85:Infinity":43,"b:86:4:88:Infinity:undefined:undefined:undefined:undefined":12,"s:86:4:88:Infinity":44,"s:87:6:87:Infinity":45,"s:90:4:90:Infinity":46,"s:91:4:91:Infinity":47,"s:94:8:99:Infinity":48,"f:94:28:94:Infinity":7,"s:95:4:95:Infinity":49,"s:96:4:96:Infinity":50,"s:97:4:97:Infinity":51,"s:98:4:98:Infinity":52,"s:101:2:111:Infinity":53}}}
,"/home/runner/work/gist-preview/gist-preview/src/hooks/useRecentGists.ts": {"path":"/home/runner/work/gist-preview/gist-preview/src/hooks/useRecentGists.ts","statementMap":{"0":{"start":{"line":13,"column":25},"end":{"line":13,"column":null}},"1":{"start":{"line":23,"column":37},"end":{"line":30,"column":null}},"2":{"start":{"line":24,"column":4},"end":{"line":29,"column":null}},"3":{"start":{"line":25,"column":21},"end":{"line":25,"column":null}},"4":{"start":{"line":26,"column":6},"end":{"line":26,"column":null}},"5":{"start":{"line":28,"column":6},"end":{"line":28,"column":null}},"6":{"start":{"line":32,"column":2},"end":{"line":38,"column":null}},"7":{"start":{"line":33,"column":4},"end":{"line":37,"column":null}},"8":{"start":{"line":34,"column":6},"end":{"line":34,"column":null}},"9":{"start":{"line":40,"column":8},"end":{"line":58,"column":null}},"10":{"start":{"line":42,"column":35},"end":{"line":49,"column":null}},"11":{"start":{"line":51,"column":6},"end":{"line":56,"column":null}},"12":{"start":{"line":52,"column":21},"end":{"line":52,"column":34}},"13":{"start":{"line":53,"column":25},"end":{"line":53,"column":null}},"14":{"start":{"line":53,"column":44},"end":{"line":53,"column":60}},"15":{"start":{"line":54,"column":24},"end":{"line":54,"column":null}},"16":{"start":{"line":55,"column":8},"end":{"line":55,"column":null}},"17":{"start":{"line":61,"column":8},"end":{"line":65,"column":null}},"18":{"start":{"line":63,"column":6},"end":{"line":63,"column":null}},"19":{"start":{"line":63,"column":34},"end":{"line":63,"column":null}},"20":{"start":{"line":63,"column":64},"end":{"line":63,"column":null}},"21":{"start":{"line":68,"column":8},"end":{"line":70,"column":null}},"22":{"start":{"line":69,"column":4},"end":{"line":69,"column":null}},"23":{"start":{"line":72,"column":2},"end":{"line":77,"column":null}}},"fnMap":{"0":{"name":"useRecentGists","decl":{"start":{"line":22,"column":16},"end":{"line":22,"column":null}},"loc":{"start":{"line":22,"column":16},"end":{"line":78,"column":null}},"line":22},"1":{"name":"(anonymous_1)","decl":{"start":{"line":23,"column":63},"end":{"line":23,"column":null}},"loc":{"start":{"line":23,"column":63},"end":{"line":30,"column":null}},"line":23},"2":{"name":"(anonymous_2)","decl":{"start":{"line":32,"column":12},"end":{"line":32,"column":null}},"loc":{"start":{"line":32,"column":12},"end":{"line":38,"column":5}},"line":32},"3":{"name":"(anonymous_3)","decl":{"start":{"line":41,"column":4},"end":{"line":41,"column":5}},"loc":{"start":{"line":41,"column":5},"end":{"line":57,"column":null}},"line":41},"4":{"name":"(anonymous_4)","decl":{"start":{"line":51,"column":21},"end":{"line":51,"column":22}},"loc":{"start":{"line":51,"column":22},"end":{"line":56,"column":null}},"line":51},"5":{"name":"(anonymous_5)","decl":{"start":{"line":53,"column":37},"end":{"line":53,"column":38}},"loc":{"start":{"line":53,"column":44},"end":{"line":53,"column":60}},"line":53},"6":{"name":"(anonymous_6)","decl":{"start":{"line":62,"column":4},"end":{"line":62,"column":5}},"loc":{"start":{"line":62,"column":5},"end":{"line":64,"column":null}},"line":62},"7":{"name":"(anonymous_7)","decl":{"start":{"line":63,"column":21},"end":{"line":63,"column":22}},"loc":{"start":{"line":63,"column":34},"end":{"line":63,"column":null}},"line":63},"8":{"name":"(anonymous_8)","decl":{"start":{"line":63,"column":57},"end":{"line":63,"column":58}},"loc":{"start":{"line":63,"column":64},"end":{"line":63,"column":null}},"line":63},"9":{"name":"(anonymous_9)","decl":{"start":{"line":68,"column":34},"end":{"line":68,"column":null}},"loc":{"start":{"line":68,"column":34},"end":{"line":70,"column":5}},"line":68}},"branchMap":{"0":{"loc":{"start":{"line":26,"column":13},"end":{"line":26,"column":45}},"type":"cond-expr","locations":[{"start":{"line":26,"column":22},"end":{"line":26,"column":43}},{"start":{"line":26,"column":43},"end":{"line":26,"column":45}}],"line":26},"1":{"loc":{"start":{"line":45,"column":15},"end":{"line":45,"column":null}},"type":"binary-expr","locations":[{"start":{"line":45,"column":15},"end":{"line":45,"column":36}},{"start":{"line":45,"column":36},"end":{"line":45,"column":null}}],"line":45},"2":{"loc":{"start":{"line":46,"column":21},"end":{"line":46,"column":null}},"type":"binary-expr","locations":[{"start":{"line":46,"column":21},"end":{"line":46,"column":47}},{"start":{"line":46,"column":47},"end":{"line":46,"column":null}}],"line":46},"3":{"loc":{"start":{"line":52,"column":21},"end":{"line":52,"column":34}},"type":"binary-expr","locations":[{"start":{"line":52,"column":21},"end":{"line":52,"column":32}},{"start":{"line":52,"column":32},"end":{"line":52,"column":34}}],"line":52},"4":{"loc":{"start":{"line":63,"column":35},"end":{"line":63,"column":47}},"type":"binary-expr","locations":[{"start":{"line":63,"column":35},"end":{"line":63,"column":46}},{"start":{"line":63,"column":46},"end":{"line":63,"column":47}}],"line":63},"5":{"loc":{"start":{"line":73,"column":17},"end":{"line":73,"column":34}},"type":"binary-expr","locations":[{"start":{"line":73,"column":17},"end":{"line":73,"column":32}},{"start":{"line":73,"column":32},"end":{"line":73,"column":34}}],"line":73}},"s":{"0":1,"1":16,"2":10,"3":10,"4":10,"5":1,"6":16,"7":16,"8":16,"9":16,"10":4,"11":4,"12":4,"13":4,"14":12,"15":4,"16":4,"17":16,"18":1,"19":1,"20":2,"21":16,"22":1,"23":16},"f":{"0":16,"1":10,"2":16,"3":4,"4":4,"5":12,"6":1,"7":1,"8":2,"9":1},"b":{"0":[6,4],"1":[4,2],"2":[4,2],"3":[4,0],"4":[1,0],"5":[16,0]},"meta":{"lastBranch":6,"lastFunction":10,"lastStatement":24,"seen":{"s:13:25:13:Infinity":0,"f:22:16:22:Infinity":0,"s:23:37:30:Infinity":1,"f:23:63:23:Infinity":1,"s:24:4:29:Infinity":2,"s:25:21:25:Infinity":3,"s:26:6:26:Infinity":4,"b:26:22:26:43:26:43:26:45":0,"s:28:6:28:Infinity":5,"s:32:2:38:Infinity":6,"f:32:12:32:Infinity":2,"s:33:4:37:Infinity":7,"s:34:6:34:Infinity":8,"s:40:8:58:Infinity":9,"f:41:4:41:5":3,"s:42:35:49:Infinity":10,"b:45:15:45:36:45:36:45:Infinity":1,"b:46:21:46:47:46:47:46:Infinity":2,"s:51:6:56:Infinity":11,"f:51:21:51:22":4,"s:52:21:52:34":12,"b:52:21:52:32:52:32:52:34":3,"s:53:25:53:Infinity":13,"f:53:37:53:38":5,"s:53:44:53:60":14,"s:54:24:54:Infinity":15,"s:55:8:55:Infinity":16,"s:61:8:65:Infinity":17,"f:62:4:62:5":6,"s:63:6:63:Infinity":18,"f:63:21:63:22":7,"s:63:34:63:Infinity":19,"b:63:35:63:46:63:46:63:47":4,"f:63:57:63:58":8,"s:63:64:63:Infinity":20,"s:68:8:70:Infinity":21,"f:68:34:68:Infinity":9,"s:69:4:69:Infinity":22,"s:72:2:77:Infinity":23,"b:73:17:73:32:73:32:73:34":5}}}
,"/home/runner/work/gist-preview/gist-preview/src/lib/contentRenderer.ts": {"path":"/home/runner/work/gist-preview/gist-preview/src/lib/contentRenderer.ts","statementMap":{"0":{"start":{"line":5,"column":0},"end":{"line":8,"column":null}},"1":{"start":{"line":11,"column":22},"end":{"line":11,"column":null}},"2":{"start":{"line":13,"column":2},"end":{"line":174,"column":null}},"3":{"start":{"line":178,"column":18},"end":{"line":178,"column":null}},"4":{"start":{"line":180,"column":2},"end":{"line":182,"column":null}},"5":{"start":{"line":181,"column":4},"end":{"line":181,"column":null}},"6":{"start":{"line":184,"column":2},"end":{"line":197,"column":null}},"7":{"start":{"line":201,"column":8},"end":{"line":201,"column":null}},"8":{"start":{"line":202,"column":8},"end":{"line":202,"column":null}},"9":{"start":{"line":203,"column":25},"end":{"line":203,"column":null}},"10":{"start":{"line":204,"column":16},"end":{"line":204,"column":null}},"11":{"start":{"line":206,"column":26},"end":{"line":208,"column":null}},"12":{"start":{"line":207,"column":4},"end":{"line":207,"column":47}},"13":{"start":{"line":210,"column":19},"end":{"line":212,"column":null}},"14":{"start":{"line":211,"column":4},"end":{"line":211,"column":72}},"15":{"start":{"line":214,"column":2},"end":{"line":351,"column":null}},"16":{"start":{"line":356,"column":2},"end":{"line":361,"column":null}},"17":{"start":{"line":357,"column":19},"end":{"line":357,"column":null}},"18":{"start":{"line":358,"column":4},"end":{"line":358,"column":null}},"19":{"start":{"line":360,"column":4},"end":{"line":360,"column":null}},"20":{"start":{"line":363,"column":22},"end":{"line":363,"column":null}},"21":{"start":{"line":365,"column":2},"end":{"line":471,"column":null}},"22":{"start":{"line":475,"column":25},"end":{"line":475,"column":null}},"23":{"start":{"line":477,"column":2},"end":{"line":532,"column":null}},"24":{"start":{"line":536,"column":2},"end":{"line":545,"column":null}},"25":{"start":{"line":549,"column":2},"end":{"line":554,"column":null}},"26":{"start":{"line":558,"column":8},"end":{"line":558,"column":null}},"27":{"start":{"line":560,"column":2},"end":{"line":574,"column":null}},"28":{"start":{"line":562,"column":6},"end":{"line":562,"column":null}},"29":{"start":{"line":564,"column":6},"end":{"line":564,"column":null}},"30":{"start":{"line":566,"column":6},"end":{"line":566,"column":null}},"31":{"start":{"line":570,"column":6},"end":{"line":570,"column":null}},"32":{"start":{"line":573,"column":6},"end":{"line":573,"column":null}},"33":{"start":{"line":578,"column":2},"end":{"line":578,"column":null}}},"fnMap":{"0":{"name":"renderMarkdownToHtml","decl":{"start":{"line":10,"column":16},"end":{"line":10,"column":37}},"loc":{"start":{"line":10,"column":52},"end":{"line":175,"column":null}},"line":10},"1":{"name":"renderHtmlContent","decl":{"start":{"line":177,"column":16},"end":{"line":177,"column":34}},"loc":{"start":{"line":177,"column":49},"end":{"line":198,"column":null}},"line":177},"2":{"name":"renderCodeToHtml","decl":{"start":{"line":200,"column":16},"end":{"line":200,"column":33}},"loc":{"start":{"line":200,"column":66},"end":{"line":352,"column":null}},"line":200},"3":{"name":"(anonymous_3)","decl":{"start":{"line":206,"column":36},"end":{"line":206,"column":37}},"loc":{"start":{"line":207,"column":4},"end":{"line":207,"column":47}},"line":207},"4":{"name":"(anonymous_4)","decl":{"start":{"line":210,"column":29},"end":{"line":210,"column":30}},"loc":{"start":{"line":211,"column":4},"end":{"line":211,"column":72}},"line":211},"5":{"name":"renderJsonToHtml","decl":{"start":{"line":354,"column":16},"end":{"line":354,"column":33}},"loc":{"start":{"line":354,"column":66},"end":{"line":472,"column":null}},"line":354},"6":{"name":"renderTextToHtml","decl":{"start":{"line":474,"column":16},"end":{"line":474,"column":33}},"loc":{"start":{"line":474,"column":66},"end":{"line":533,"column":null}},"line":474},"7":{"name":"highlightJson","decl":{"start":{"line":535,"column":9},"end":{"line":535,"column":23}},"loc":{"start":{"line":535,"column":35},"end":{"line":546,"column":null}},"line":535},"8":{"name":"escapeHtml","decl":{"start":{"line":548,"column":9},"end":{"line":548,"column":20}},"loc":{"start":{"line":548,"column":32},"end":{"line":555,"column":null}},"line":548},"9":{"name":"getRenderedContent","decl":{"start":{"line":557,"column":16},"end":{"line":557,"column":35}},"loc":{"start":{"line":557,"column":68},"end":{"line":575,"column":null}},"line":557},"10":{"name":"getInferredType","decl":{"start":{"line":577,"column":16},"end":{"line":577,"column":32}},"loc":{"start":{"line":577,"column":65},"end":{"line":579,"column":null}},"line":577}},"branchMap":{"0":{"loc":{"start":{"line":180,"column":2},"end":{"line":182,"column":null}},"type":"if","locations":[{"start":{"line":180,"column":2},"end":{"line":182,"column":null}},{"start":{},"end":{}}],"line":180},"1":{"loc":{"start":{"line":180,"column":6},"end":{"line":180,"column":76}},"type":"binary-expr","locations":[{"start":{"line":180,"column":6},"end":{"line":180,"column":47}},{"start":{"line":180,"column":47},"end":{"line":180,"column":76}}],"line":180},"2":{"loc":{"start":{"line":202,"column":8},"end":{"line":202,"column":null}},"type":"binary-expr","locations":[{"start":{"line":202,"column":8},"end":{"line":202,"column":52}},{"start":{"line":202,"column":52},"end":{"line":202,"column":null}}],"line":202},"3":{"loc":{"start":{"line":211,"column":52},"end":{"line":211,"column":64}},"type":"binary-expr","locations":[{"start":{"line":211,"column":52},"end":{"line":211,"column":60}},{"start":{"line":211,"column":60},"end":{"line":211,"column":64}}],"line":211},"4":{"loc":{"start":{"line":560,"column":2},"end":{"line":574,"column":null}},"type":"switch","locations":[{"start":{"line":561,"column":4},"end":{"line":562,"column":null}},{"start":{"line":563,"column":4},"end":{"line":564,"column":null}},{"start":{"line":565,"column":4},"end":{"line":566,"column":null}},{"start":{"line":567,"column":4},"end":{"line":567,"column":null}},{"start":{"line":568,"column":4},"end":{"line":568,"column":null}},{"start":{"line":569,"column":4},"end":{"line":570,"column":null}},{"start":{"line":571,"column":4},"end":{"line":571,"column":null}},{"start":{"line":572,"column":4},"end":{"line":573,"column":null}}],"line":560}},"s":{"0":2,"1":12,"2":12,"3":7,"4":7,"5":4,"6":3,"7":8,"8":8,"9":8,"10":8,"11":8,"12":12,"13":8,"14":12,"15":8,"16":10,"17":10,"18":10,"19":1,"20":10,"21":10,"22":5,"23":5,"24":10,"25":36,"26":7,"27":7,"28":2,"29":1,"30":1,"31":2,"32":1,"33":24},"f":{"0":12,"1":7,"2":8,"3":12,"4":12,"5":10,"6":5,"7":10,"8":36,"9":7,"10":24},"b":{"0":[4,3],"1":[7,4],"2":[8,0],"3":[12,1],"4":[2,1,1,1,2,2,1,1]},"meta":{"lastBranch":5,"lastFunction":11,"lastStatement":34,"seen":{"s:5:0:8:Infinity":0,"f:10:16:10:37":0,"s:11:22:11:Infinity":1,"s:13:2:174:Infinity":2,"f:177:16:177:34":1,"s:178:18:178:Infinity":3,"b:180:2:182:Infinity:undefined:undefined:undefined:undefined":0,"s:180:2:182:Infinity":4,"b:180:6:180:47:180:47:180:76":1,"s:181:4:181:Infinity":5,"s:184:2:197:Infinity":6,"f:200:16:200:33":2,"s:201:8:201:Infinity":7,"s:202:8:202:Infinity":8,"b:202:8:202:52:202:52:202:Infinity":2,"s:203:25:203:Infinity":9,"s:204:16:204:Infinity":10,"s:206:26:208:Infinity":11,"f:206:36:206:37":3,"s:207:4:207:47":12,"s:210:19:212:Infinity":13,"f:210:29:210:30":4,"s:211:4:211:72":14,"b:211:52:211:60:211:60:211:64":3,"s:214:2:351:Infinity":15,"f:354:16:354:33":5,"s:356:2:361:Infinity":16,"s:357:19:357:Infinity":17,"s:358:4:358:Infinity":18,"s:360:4:360:Infinity":19,"s:363:22:363:Infinity":20,"s:365:2:471:Infinity":21,"f:474:16:474:33":6,"s:475:25:475:Infinity":22,"s:477:2:532:Infinity":23,"f:535:9:535:23":7,"s:536:2:545:Infinity":24,"f:548:9:548:20":8,"s:549:2:554:Infinity":25,"f:557:16:557:35":9,"s:558:8:558:Infinity":26,"b:561:4:562:Infinity:563:4:564:Infinity:565:4:566:Infinity:567:4:567:Infinity:568:4:568:Infinity:569:4:570:Infinity:571:4:571:Infinity:572:4:573:Infinity":4,"s:560:2:574:Infinity":27,"s:562:6:562:Infinity":28,"s:564:6:564:Infinity":29,"s:566:6:566:Infinity":30,"s:570:6:570:Infinity":31,"s:573:6:573:Infinity":32,"f:577:16:577:32":10,"s:578:2:578:Infinity":33}}}
,"/home/runner/work/gist-preview/gist-preview/src/lib/contentTypeInference.ts": {"path":"/home/runner/work/gist-preview/gist-preview/src/lib/contentTypeInference.ts","statementMap":{"0":{"start":{"line":6,"column":29},"end":{"line":6,"column":null}},"1":{"start":{"line":7,"column":25},"end":{"line":7,"column":null}},"2":{"start":{"line":8,"column":34},"end":{"line":8,"column":null}},"3":{"start":{"line":9,"column":36},"end":{"line":9,"column":null}},"4":{"start":{"line":11,"column":26},"end":{"line":11,"column":null}},"5":{"start":{"line":12,"column":24},"end":{"line":12,"column":null}},"6":{"start":{"line":13,"column":25},"end":{"line":13,"column":null}},"7":{"start":{"line":14,"column":30},"end":{"line":14,"column":null}},"8":{"start":{"line":15,"column":31},"end":{"line":15,"column":null}},"9":{"start":{"line":16,"column":24},"end":{"line":16,"column":null}},"10":{"start":{"line":17,"column":26},"end":{"line":17,"column":null}},"11":{"start":{"line":18,"column":24},"end":{"line":18,"column":null}},"12":{"start":{"line":19,"column":32},"end":{"line":19,"column":null}},"13":{"start":{"line":20,"column":30},"end":{"line":20,"column":null}},"14":{"start":{"line":21,"column":22},"end":{"line":21,"column":null}},"15":{"start":{"line":22,"column":25},"end":{"line":22,"column":null}},"16":{"start":{"line":25,"column":2},"end":{"line":30,"column":null}},"17":{"start":{"line":26,"column":4},"end":{"line":26,"column":null}},"18":{"start":{"line":27,"column":4},"end":{"line":27,"column":null}},"19":{"start":{"line":29,"column":4},"end":{"line":29,"column":null}},"20":{"start":{"line":34,"column":18},"end":{"line":34,"column":null}},"21":{"start":{"line":36,"column":2},"end":{"line":38,"column":null}},"22":{"start":{"line":37,"column":4},"end":{"line":37,"column":null}},"23":{"start":{"line":40,"column":2},"end":{"line":42,"column":null}},"24":{"start":{"line":41,"column":4},"end":{"line":41,"column":null}},"25":{"start":{"line":44,"column":25},"end":{"line":44,"column":87}},"26":{"start":{"line":45,"column":29},"end":{"line":45,"column":100}},"27":{"start":{"line":46,"column":24},"end":{"line":46,"column":73}},"28":{"start":{"line":48,"column":2},"end":{"line":50,"column":null}},"29":{"start":{"line":49,"column":4},"end":{"line":49,"column":null}},"30":{"start":{"line":52,"column":2},"end":{"line":54,"column":null}},"31":{"start":{"line":53,"column":4},"end":{"line":53,"column":null}},"32":{"start":{"line":56,"column":2},"end":{"line":58,"column":null}},"33":{"start":{"line":57,"column":4},"end":{"line":57,"column":null}},"34":{"start":{"line":60,"column":2},"end":{"line":60,"column":null}},"35":{"start":{"line":64,"column":14},"end":{"line":64,"column":null}},"36":{"start":{"line":65,"column":17},"end":{"line":78,"column":null}},"37":{"start":{"line":80,"column":2},"end":{"line":84,"column":null}},"38":{"start":{"line":81,"column":4},"end":{"line":83,"column":null}},"39":{"start":{"line":82,"column":6},"end":{"line":82,"column":null}},"40":{"start":{"line":86,"column":16},"end":{"line":86,"column":null}},"41":{"start":{"line":87,"column":22},"end":{"line":87,"column":79}},"42":{"start":{"line":87,"column":43},"end":{"line":87,"column":73}},"43":{"start":{"line":88,"column":2},"end":{"line":90,"column":null}},"44":{"start":{"line":89,"column":4},"end":{"line":89,"column":null}},"45":{"start":{"line":92,"column":21},"end":{"line":92,"column":null}},"46":{"start":{"line":94,"column":2},"end":{"line":94,"column":null}},"47":{"start":{"line":98,"column":18},"end":{"line":98,"column":null}},"48":{"start":{"line":100,"column":2},"end":{"line":102,"column":null}},"49":{"start":{"line":101,"column":4},"end":{"line":101,"column":null}},"50":{"start":{"line":104,"column":2},"end":{"line":106,"column":null}},"51":{"start":{"line":105,"column":4},"end":{"line":105,"column":null}},"52":{"start":{"line":108,"column":2},"end":{"line":108,"column":null}},"53":{"start":{"line":112,"column":22},"end":{"line":117,"column":null}},"54":{"start":{"line":119,"column":16},"end":{"line":119,"column":null}},"55":{"start":{"line":120,"column":2},"end":{"line":124,"column":null}},"56":{"start":{"line":121,"column":4},"end":{"line":123,"column":null}},"57":{"start":{"line":122,"column":6},"end":{"line":122,"column":null}},"58":{"start":{"line":126,"column":25},"end":{"line":126,"column":61}},"59":{"start":{"line":128,"column":2},"end":{"line":130,"column":null}},"60":{"start":{"line":129,"column":4},"end":{"line":129,"column":null}},"61":{"start":{"line":132,"column":2},"end":{"line":134,"column":null}},"62":{"start":{"line":133,"column":4},"end":{"line":133,"column":null}},"63":{"start":{"line":136,"column":2},"end":{"line":136,"column":null}},"64":{"start":{"line":140,"column":21},"end":{"line":150,"column":null}},"65":{"start":{"line":152,"column":14},"end":{"line":152,"column":null}},"66":{"start":{"line":153,"column":2},"end":{"line":157,"column":null}},"67":{"start":{"line":154,"column":4},"end":{"line":156,"column":null}},"68":{"start":{"line":155,"column":6},"end":{"line":155,"column":null}},"69":{"start":{"line":159,"column":2},"end":{"line":161,"column":null}},"70":{"start":{"line":160,"column":4},"end":{"line":160,"column":null}},"71":{"start":{"line":163,"column":2},"end":{"line":165,"column":null}},"72":{"start":{"line":164,"column":4},"end":{"line":164,"column":null}},"73":{"start":{"line":167,"column":2},"end":{"line":167,"column":null}},"74":{"start":{"line":171,"column":14},"end":{"line":171,"column":null}},"75":{"start":{"line":174,"column":2},"end":{"line":176,"column":null}},"76":{"start":{"line":175,"column":4},"end":{"line":175,"column":null}},"77":{"start":{"line":179,"column":2},"end":{"line":181,"column":null}},"78":{"start":{"line":180,"column":4},"end":{"line":180,"column":null}},"79":{"start":{"line":183,"column":60},"end":{"line":190,"column":null}},"80":{"start":{"line":192,"column":2},"end":{"line":194,"column":null}},"81":{"start":{"line":193,"column":4},"end":{"line":193,"column":null}},"82":{"start":{"line":196,"column":39},"end":{"line":202,"column":null}},"83":{"start":{"line":204,"column":15},"end":{"line":205,"column":null}},"84":{"start":{"line":205,"column":4},"end":{"line":205,"column":null}},"85":{"start":{"line":208,"column":2},"end":{"line":210,"column":null}},"86":{"start":{"line":209,"column":4},"end":{"line":209,"column":null}},"87":{"start":{"line":212,"column":25},"end":{"line":216,"column":null}},"88":{"start":{"line":218,"column":18},"end":{"line":218,"column":null}},"89":{"start":{"line":219,"column":2},"end":{"line":224,"column":null}},"90":{"start":{"line":220,"column":20},"end":{"line":220,"column":null}},"91":{"start":{"line":221,"column":4},"end":{"line":223,"column":null}},"92":{"start":{"line":222,"column":6},"end":{"line":222,"column":null}},"93":{"start":{"line":226,"column":2},"end":{"line":228,"column":null}},"94":{"start":{"line":227,"column":4},"end":{"line":227,"column":null}},"95":{"start":{"line":230,"column":2},"end":{"line":230,"column":null}},"96":{"start":{"line":234,"column":2},"end":{"line":234,"column":null}},"97":{"start":{"line":238,"column":58},"end":{"line":246,"column":null}},"98":{"start":{"line":247,"column":2},"end":{"line":247,"column":null}}},"fnMap":{"0":{"name":"isValidJson","decl":{"start":{"line":24,"column":9},"end":{"line":24,"column":21}},"loc":{"start":{"line":24,"column":36},"end":{"line":31,"column":null}},"line":24},"1":{"name":"inferHtmlFromContent","decl":{"start":{"line":33,"column":9},"end":{"line":33,"column":30}},"loc":{"start":{"line":33,"column":45},"end":{"line":61,"column":null}},"line":33},"2":{"name":"inferMarkdownFromContent","decl":{"start":{"line":63,"column":9},"end":{"line":63,"column":34}},"loc":{"start":{"line":63,"column":49},"end":{"line":95,"column":null}},"line":63},"3":{"name":"(anonymous_3)","decl":{"start":{"line":87,"column":35},"end":{"line":87,"column":43}},"loc":{"start":{"line":87,"column":43},"end":{"line":87,"column":73}},"line":87},"4":{"name":"inferJsonFromContent","decl":{"start":{"line":97,"column":9},"end":{"line":97,"column":30}},"loc":{"start":{"line":97,"column":45},"end":{"line":109,"column":null}},"line":97},"5":{"name":"inferCssFromContent","decl":{"start":{"line":111,"column":9},"end":{"line":111,"column":29}},"loc":{"start":{"line":111,"column":44},"end":{"line":137,"column":null}},"line":111},"6":{"name":"inferJavaScriptFromContent","decl":{"start":{"line":139,"column":9},"end":{"line":139,"column":36}},"loc":{"start":{"line":139,"column":51},"end":{"line":168,"column":null}},"line":139},"7":{"name":"inferContentType","decl":{"start":{"line":170,"column":16},"end":{"line":170,"column":33}},"loc":{"start":{"line":170,"column":66},"end":{"line":231,"column":null}},"line":170},"8":{"name":"(anonymous_8)","decl":{"start":{"line":204,"column":30},"end":{"line":204,"column":31}},"loc":{"start":{"line":205,"column":4},"end":{"line":205,"column":null}},"line":205},"9":{"name":"shouldRenderAsWebPage","decl":{"start":{"line":233,"column":16},"end":{"line":233,"column":38}},"loc":{"start":{"line":233,"column":63},"end":{"line":235,"column":null}},"line":233},"10":{"name":"getDisplayType","decl":{"start":{"line":237,"column":16},"end":{"line":237,"column":31}},"loc":{"start":{"line":237,"column":56},"end":{"line":248,"column":null}},"line":237}},"branchMap":{"0":{"loc":{"start":{"line":36,"column":2},"end":{"line":38,"column":null}},"type":"if","locations":[{"start":{"line":36,"column":2},"end":{"line":38,"column":null}},{"start":{},"end":{}}],"line":36},"1":{"loc":{"start":{"line":40,"column":2},"end":{"line":42,"column":null}},"type":"if","locations":[{"start":{"line":40,"column":2},"end":{"line":42,"column":null}},{"start":{},"end":{}}],"line":40},"2":{"loc":{"start":{"line":44,"column":25},"end":{"line":44,"column":87}},"type":"binary-expr","locations":[{"start":{"line":44,"column":25},"end":{"line":44,"column":85}},{"start":{"line":44,"column":85},"end":{"line":44,"column":87}}],"line":44},"3":{"loc":{"start":{"line":45,"column":29},"end":{"line":45,"column":100}},"type":"binary-expr","locations":[{"start":{"line":45,"column":29},"end":{"line":45,"column":98}},{"start":{"line":45,"column":98},"end":{"line":45,"column":100}}],"line":45},"4":{"loc":{"start":{"line":48,"column":2},"end":{"line":50,"column":null}},"type":"if","locations":[{"start":{"line":48,"column":2},"end":{"line":50,"column":null}},{"start":{},"end":{}}],"line":48},"5":{"loc":{"start":{"line":52,"column":2},"end":{"line":54,"column":null}},"type":"if","locations":[{"start":{"line":52,"column":2},"end":{"line":54,"column":null}},{"start":{},"end":{}}],"line":52},"6":{"loc":{"start":{"line":56,"column":2},"end":{"line":58,"column":null}},"type":"if","locations":[{"start":{"line":56,"column":2},"end":{"line":58,"column":null}},{"start":{},"end":{}}],"line":56},"7":{"loc":{"start":{"line":56,"column":6},"end":{"line":56,"column":90}},"type":"binary-expr","locations":[{"start":{"line":56,"column":6},"end":{"line":56,"column":30}},{"start":{"line":56,"column":30},"end":{"line":56,"column":57}},{"start":{"line":56,"column":57},"end":{"line":56,"column":86}}],"line":56},"8":{"loc":{"start":{"line":81,"column":4},"end":{"line":83,"column":null}},"type":"if","locations":[{"start":{"line":81,"column":4},"end":{"line":83,"column":null}},{"start":{},"end":{}}],"line":81},"9":{"loc":{"start":{"line":88,"column":2},"end":{"line":90,"column":null}},"type":"if","locations":[{"start":{"line":88,"column":2},"end":{"line":90,"column":null}},{"start":{},"end":{}}],"line":88},"10":{"loc":{"start":{"line":100,"column":2},"end":{"line":102,"column":null}},"type":"if","locations":[{"start":{"line":100,"column":2},"end":{"line":102,"column":null}},{"start":{},"end":{}}],"line":100},"11":{"loc":{"start":{"line":100,"column":6},"end":{"line":100,"column":60}},"type":"binary-expr","locations":[{"start":{"line":100,"column":6},"end":{"line":100,"column":34}},{"start":{"line":100,"column":34},"end":{"line":100,"column":60}}],"line":100},"12":{"loc":{"start":{"line":104,"column":2},"end":{"line":106,"column":null}},"type":"if","locations":[{"start":{"line":104,"column":2},"end":{"line":106,"column":null}},{"start":{},"end":{}}],"line":104},"13":{"loc":{"start":{"line":121,"column":4},"end":{"line":123,"column":null}},"type":"if","locations":[{"start":{"line":121,"column":4},"end":{"line":123,"column":null}},{"start":{},"end":{}}],"line":121},"14":{"loc":{"start":{"line":126,"column":26},"end":{"line":126,"column":52}},"type":"binary-expr","locations":[{"start":{"line":126,"column":26},"end":{"line":126,"column":51}},{"start":{"line":126,"column":51},"end":{"line":126,"column":52}}],"line":126},"15":{"loc":{"start":{"line":128,"column":2},"end":{"line":130,"column":null}},"type":"if","locations":[{"start":{"line":128,"column":2},"end":{"line":130,"column":null}},{"start":{},"end":{}}],"line":128},"16":{"loc":{"start":{"line":128,"column":6},"end":{"line":128,"column":61}},"type":"binary-expr","locations":[{"start":{"line":128,"column":6},"end":{"line":128,"column":23}},{"start":{"line":128,"column":23},"end":{"line":128,"column":39}},{"start":{"line":128,"column":39},"end":{"line":128,"column":61}}],"line":128},"17":{"loc":{"start":{"line":132,"column":2},"end":{"line":134,"column":null}},"type":"if","locations":[{"start":{"line":132,"column":2},"end":{"line":134,"column":null}},{"start":{},"end":{}}],"line":132},"18":{"loc":{"start":{"line":154,"column":4},"end":{"line":156,"column":null}},"type":"if","locations":[{"start":{"line":154,"column":4},"end":{"line":156,"column":null}},{"start":{},"end":{}}],"line":154},"19":{"loc":{"start":{"line":159,"column":2},"end":{"line":161,"column":null}},"type":"if","locations":[{"start":{"line":159,"column":2},"end":{"line":161,"column":null}},{"start":{},"end":{}}],"line":159},"20":{"loc":{"start":{"line":163,"column":2},"end":{"line":165,"column":null}},"type":"if","locations":[{"start":{"line":163,"column":2},"end":{"line":165,"column":null}},{"start":{},"end":{}}],"line":163},"21":{"loc":{"start":{"line":171,"column":14},"end":{"line":171,"column":null}},"type":"binary-expr","locations":[{"start":{"line":171,"column":14},"end":{"line":171,"column":58}},{"start":{"line":171,"column":58},"end":{"line":171,"column":null}}],"line":171},"22":{"loc":{"start":{"line":174,"column":2},"end":{"line":176,"column":null}},"type":"if","locations":[{"start":{"line":174,"column":2},"end":{"line":176,"column":null}},{"start":{},"end":{}}],"line":174},"23":{"loc":{"start":{"line":174,"column":6},"end":{"line":174,"column":38}},"type":"binary-expr","locations":[{"start":{"line":174,"column":6},"end":{"line":174,"column":23}},{"start":{"line":174,"column":23},"end":{"line":174,"column":38}}],"line":174},"24":{"loc":{"start":{"line":179,"column":2},"end":{"line":181,"column":null}},"type":"if","locations":[{"start":{"line":179,"column":2},"end":{"line":181,"column":null}},{"start":{},"end":{}}],"line":179},"25":{"loc":{"start":{"line":179,"column":6},"end":{"line":179,"column":70}},"type":"binary-expr","locations":[{"start":{"line":179,"column":6},"end":{"line":179,"column":22}},{"start":{"line":179,"column":22},"end":{"line":179,"column":38}},{"start":{"line":179,"column":38},"end":{"line":179,"column":55}},{"start":{"line":179,"column":55},"end":{"line":179,"column":70}}],"line":179},"26":{"loc":{"start":{"line":192,"column":2},"end":{"line":194,"column":null}},"type":"if","locations":[{"start":{"line":192,"column":2},"end":{"line":194,"column":null}},{"start":{},"end":{}}],"line":192},"27":{"loc":{"start":{"line":192,"column":6},"end":{"line":192,"column":30}},"type":"binary-expr","locations":[{"start":{"line":192,"column":6},"end":{"line":192,"column":13}},{"start":{"line":192,"column":13},"end":{"line":192,"column":30}}],"line":192},"28":{"loc":{"start":{"line":205,"column":4},"end":{"line":205,"column":null}},"type":"cond-expr","locations":[{"start":{"line":205,"column":40},"end":{"line":205,"column":47}},{"start":{"line":205,"column":47},"end":{"line":205,"column":null}}],"line":205},"29":{"loc":{"start":{"line":208,"column":2},"end":{"line":210,"column":null}},"type":"if","locations":[{"start":{"line":208,"column":2},"end":{"line":210,"column":null}},{"start":{},"end":{}}],"line":208},"30":{"loc":{"start":{"line":221,"column":4},"end":{"line":223,"column":null}},"type":"if","locations":[{"start":{"line":221,"column":4},"end":{"line":223,"column":null}},{"start":{},"end":{}}],"line":221},"31":{"loc":{"start":{"line":221,"column":8},"end":{"line":221,"column":39}},"type":"binary-expr","locations":[{"start":{"line":221,"column":8},"end":{"line":221,"column":19}},{"start":{"line":221,"column":19},"end":{"line":221,"column":39}}],"line":221},"32":{"loc":{"start":{"line":226,"column":2},"end":{"line":228,"column":null}},"type":"if","locations":[{"start":{"line":226,"column":2},"end":{"line":228,"column":null}},{"start":{},"end":{}}],"line":226},"33":{"loc":{"start":{"line":234,"column":9},"end":{"line":234,"column":null}},"type":"binary-expr","locations":[{"start":{"line":234,"column":9},"end":{"line":234,"column":28}},{"start":{"line":234,"column":28},"end":{"line":234,"column":null}}],"line":234}},"s":{"0":5,"1":5,"2":5,"3":5,"4":5,"5":5,"6":5,"7":5,"8":5,"9":5,"10":5,"11":5,"12":5,"13":5,"14":5,"15":5,"16":5,"17":5,"18":5,"19":2,"20":50,"21":50,"22":4,"23":46,"24":1,"25":45,"26":50,"27":50,"28":50,"29":1,"30":44,"31":1,"32":43,"33":0,"34":43,"35":50,"36":50,"37":50,"38":600,"39":17,"40":50,"41":50,"42":69,"43":50,"44":1,"45":50,"46":50,"47":50,"48":50,"49":45,"50":5,"51":3,"52":2,"53":50,"54":50,"55":50,"56":200,"57":9,"58":50,"59":50,"60":1,"61":49,"62":3,"63":46,"64":50,"65":50,"66":50,"67":450,"68":16,"69":50,"70":4,"71":46,"72":3,"73":43,"74":105,"75":105,"76":2,"77":103,"78":7,"79":96,"80":96,"81":46,"82":50,"83":50,"84":200,"85":50,"86":29,"87":21,"88":21,"89":21,"90":63,"91":63,"92":0,"93":21,"94":0,"95":21,"96":7,"97":25,"98":25},"f":{"0":5,"1":50,"2":50,"3":69,"4":50,"5":50,"6":50,"7":105,"8":200,"9":7,"10":25},"b":{"0":[4,46],"1":[1,45],"2":[45,43],"3":[50,44],"4":[1,49],"5":[1,43],"6":[0,43],"7":[43,0,0],"8":[17,583],"9":[1,49],"10":[45,5],"11":[50,46],"12":[3,2],"13":[9,191],"14":[50,39],"15":[1,49],"16":[50,49,3],"17":[3,46],"18":[16,434],"19":[4,46],"20":[3,43],"21":[105,0],"22":[2,103],"23":[105,104],"24":[7,96],"25":[103,99,98,97],"26":[46,50],"27":[96,96],"28":[22,178],"29":[29,21],"30":[0,63],"31":[63,4],"32":[0,21],"33":[7,6]},"meta":{"lastBranch":34,"lastFunction":11,"lastStatement":99,"seen":{"s:6:29:6:Infinity":0,"s:7:25:7:Infinity":1,"s:8:34:8:Infinity":2,"s:9:36:9:Infinity":3,"s:11:26:11:Infinity":4,"s:12:24:12:Infinity":5,"s:13:25:13:Infinity":6,"s:14:30:14:Infinity":7,"s:15:31:15:Infinity":8,"s:16:24:16:Infinity":9,"s:17:26:17:Infinity":10,"s:18:24:18:Infinity":11,"s:19:32:19:Infinity":12,"s:20:30:20:Infinity":13,"s:21:22:21:Infinity":14,"s:22:25:22:Infinity":15,"f:24:9:24:21":0,"s:25:2:30:Infinity":16,"s:26:4:26:Infinity":17,"s:27:4:27:Infinity":18,"s:29:4:29:Infinity":19,"f:33:9:33:30":1,"s:34:18:34:Infinity":20,"b:36:2:38:Infinity:undefined:undefined:undefined:undefined":0,"s:36:2:38:Infinity":21,"s:37:4:37:Infinity":22,"b:40:2:42:Infinity:undefined:undefined:undefined:undefined":1,"s:40:2:42:Infinity":23,"s:41:4:41:Infinity":24,"s:44:25:44:87":25,"b:44:25:44:85:44:85:44:87":2,"s:45:29:45:100":26,"b:45:29:45:98:45:98:45:100":3,"s:46:24:46:73":27,"b:48:2:50:Infinity:undefined:undefined:undefined:undefined":4,"s:48:2:50:Infinity":28,"s:49:4:49:Infinity":29,"b:52:2:54:Infinity:undefined:undefined:undefined:undefined":5,"s:52:2:54:Infinity":30,"s:53:4:53:Infinity":31,"b:56:2:58:Infinity:undefined:undefined:undefined:undefined":6,"s:56:2:58:Infinity":32,"b:56:6:56:30:56:30:56:57:56:57:56:86":7,"s:57:4:57:Infinity":33,"s:60:2:60:Infinity":34,"f:63:9:63:34":2,"s:64:14:64:Infinity":35,"s:65:17:78:Infinity":36,"s:80:2:84:Infinity":37,"b:81:4:83:Infinity:undefined:undefined:undefined:undefined":8,"s:81:4:83:Infinity":38,"s:82:6:82:Infinity":39,"s:86:16:86:Infinity":40,"s:87:22:87:79":41,"f:87:35:87:43":3,"s:87:43:87:73":42,"b:88:2:90:Infinity:undefined:undefined:undefined:undefined":9,"s:88:2:90:Infinity":43,"s:89:4:89:Infinity":44,"s:92:21:92:Infinity":45,"s:94:2:94:Infinity":46,"f:97:9:97:30":4,"s:98:18:98:Infinity":47,"b:100:2:102:Infinity:undefined:undefined:undefined:undefined":10,"s:100:2:102:Infinity":48,"b:100:6:100:34:100:34:100:60":11,"s:101:4:101:Infinity":49,"b:104:2:106:Infinity:undefined:undefined:undefined:undefined":12,"s:104:2:106:Infinity":50,"s:105:4:105:Infinity":51,"s:108:2:108:Infinity":52,"f:111:9:111:29":5,"s:112:22:117:Infinity":53,"s:119:16:119:Infinity":54,"s:120:2:124:Infinity":55,"b:121:4:123:Infinity:undefined:undefined:undefined:undefined":13,"s:121:4:123:Infinity":56,"s:122:6:122:Infinity":57,"s:126:25:126:61":58,"b:126:26:126:51:126:51:126:52":14,"b:128:2:130:Infinity:undefined:undefined:undefined:undefined":15,"s:128:2:130:Infinity":59,"b:128:6:128:23:128:23:128:39:128:39:128:61":16,"s:129:4:129:Infinity":60,"b:132:2:134:Infinity:undefined:undefined:undefined:undefined":17,"s:132:2:134:Infinity":61,"s:133:4:133:Infinity":62,"s:136:2:136:Infinity":63,"f:139:9:139:36":6,"s:140:21:150:Infinity":64,"s:152:14:152:Infinity":65,"s:153:2:157:Infinity":66,"b:154:4:156:Infinity:undefined:undefined:undefined:undefined":18,"s:154:4:156:Infinity":67,"s:155:6:155:Infinity":68,"b:159:2:161:Infinity:undefined:undefined:undefined:undefined":19,"s:159:2:161:Infinity":69,"s:160:4:160:Infinity":70,"b:163:2:165:Infinity:undefined:undefined:undefined:undefined":20,"s:163:2:165:Infinity":71,"s:164:4:164:Infinity":72,"s:167:2:167:Infinity":73,"f:170:16:170:33":7,"s:171:14:171:Infinity":74,"b:171:14:171:58:171:58:171:Infinity":21,"b:174:2:176:Infinity:undefined:undefined:undefined:undefined":22,"s:174:2:176:Infinity":75,"b:174:6:174:23:174:23:174:38":23,"s:175:4:175:Infinity":76,"b:179:2:181:Infinity:undefined:undefined:undefined:undefined":24,"s:179:2:181:Infinity":77,"b:179:6:179:22:179:22:179:38:179:38:179:55:179:55:179:70":25,"s:180:4:180:Infinity":78,"s:183:60:190:Infinity":79,"b:192:2:194:Infinity:undefined:undefined:undefined:undefined":26,"s:192:2:194:Infinity":80,"b:192:6:192:13:192:13:192:30":27,"s:193:4:193:Infinity":81,"s:196:39:202:Infinity":82,"s:204:15:205:Infinity":83,"f:204:30:204:31":8,"s:205:4:205:Infinity":84,"b:205:40:205:47:205:47:205:Infinity":28,"b:208:2:210:Infinity:undefined:undefined:undefined:undefined":29,"s:208:2:210:Infinity":85,"s:209:4:209:Infinity":86,"s:212:25:216:Infinity":87,"s:218:18:218:Infinity":88,"s:219:2:224:Infinity":89,"s:220:20:220:Infinity":90,"b:221:4:223:Infinity:undefined:undefined:undefined:undefined":30,"s:221:4:223:Infinity":91,"b:221:8:221:19:221:19:221:39":31,"s:222:6:222:Infinity":92,"b:226:2:228:Infinity:undefined:undefined:undefined:undefined":32,"s:226:2:228:Infinity":93,"s:227:4:227:Infinity":94,"s:230:2:230:Infinity":95,"f:233:16:233:38":9,"s:234:2:234:Infinity":96,"b:234:9:234:28:234:28:234:Infinity":33,"f:237:16:237:31":10,"s:238:58:246:Infinity":97,"s:247:2:247:Infinity":98}}}
[...]
,"/home/runner/work/gist-preview/gist-preview/src/lib/parseGistUrl.ts": {"path":"/home/runner/work/gist-preview/gist-preview/src/lib/parseGistUrl.ts","statementMap":{"0":{"start":{"line":6,"column":24},"end":{"line":6,"column":null}},"1":{"start":{"line":9,"column":2},"end":{"line":11,"column":null}},"2":{"start":{"line":10,"column":4},"end":{"line":10,"column":null}},"3":{"start":{"line":13,"column":18},"end":{"line":13,"column":null}},"4":{"start":{"line":15,"column":2},"end":{"line":17,"column":null}},"5":{"start":{"line":16,"column":4},"end":{"line":16,"column":null}},"6":{"start":{"line":19,"column":2},"end":{"line":21,"column":null}},"7":{"start":{"line":20,"column":4},"end":{"line":20,"column":null}},"8":{"start":{"line":23,"column":2},"end":{"line":73,"column":null}},"9":{"start":{"line":24,"column":20},"end":{"line":24,"column":null}},"10":{"start":{"line":25,"column":4},"end":{"line":27,"column":null}},"11":{"start":{"line":26,"column":6},"end":{"line":26,"column":null}},"12":{"start":{"line":29,"column":16},"end":{"line":29,"column":null}},"13":{"start":{"line":31,"column":4},"end":{"line":36,"column":null}},"14":{"start":{"line":32,"column":6},"end":{"line":35,"column":null}},"15":{"start":{"line":38,"column":22},"end":{"line":38,"column":null}},"16":{"start":{"line":40,"column":4},"end":{"line":42,"column":null}},"17":{"start":{"line":41,"column":6},"end":{"line":41,"column":null}},"18":{"start":{"line":44,"column":4},"end":{"line":50,"column":null}},"19":{"start":{"line":45,"column":26},"end":{"line":45,"column":38}},"20":{"start":{"line":46,"column":6},"end":{"line":48,"column":null}},"21":{"start":{"line":47,"column":8},"end":{"line":47,"column":null}},"22":{"start":{"line":49,"column":6},"end":{"line":49,"column":null}},"23":{"start":{"line":52,"column":4},"end":{"line":65,"column":null}},"24":{"start":{"line":53,"column":23},"end":{"line":53,"column":35}},"25":{"start":{"line":54,"column":19},"end":{"line":54,"column":31}},"26":{"start":{"line":56,"column":6},"end":{"line":58,"column":null}},"27":{"start":{"line":57,"column":8},"end":{"line":57,"column":null}},"28":{"start":{"line":60,"column":6},"end":{"line":62,"column":null}},"29":{"start":{"line":61,"column":8},"end":{"line":61,"column":null}},"30":{"start":{"line":64,"column":6},"end":{"line":64,"column":null}},"31":{"start":{"line":67,"column":4},"end":{"line":67,"column":null}},"32":{"start":{"line":69,"column":4},"end":{"line":72,"column":null}},"33":{"start":{"line":77,"column":15},"end":{"line":77,"column":71}},"34":{"start":{"line":78,"column":2},"end":{"line":80,"column":null}},"35":{"start":{"line":79,"column":4},"end":{"line":79,"column":null}},"36":{"start":{"line":81,"column":2},"end":{"line":81,"column":null}}},"fnMap":{"0":{"name":"parseGistUrl","decl":{"start":{"line":8,"column":16},"end":{"line":8,"column":29}},"loc":{"start":{"line":8,"column":42},"end":{"line":74,"column":null}},"line":8},"1":{"name":"buildGistPreviewUrl","decl":{"start":{"line":76,"column":16},"end":{"line":76,"column":36}},"loc":{"start":{"line":76,"column":69},"end":{"line":82,"column":null}},"line":76}},"branchMap":{"0":{"loc":{"start":{"line":9,"column":2},"end":{"line":11,"column":null}},"type":"if","locations":[{"start":{"line":9,"column":2},"end":{"line":11,"column":null}},{"start":{},"end":{}}],"line":9},"1":{"loc":{"start":{"line":9,"column":6},"end":{"line":9,"column":43}},"type":"binary-expr","locations":[{"start":{"line":9,"column":6},"end":{"line":9,"column":16}},{"start":{"line":9,"column":16},"end":{"line":9,"column":43}}],"line":9},"2":{"loc":{"start":{"line":15,"column":2},"end":{"line":17,"column":null}},"type":"if","locations":[{"start":{"line":15,"column":2},"end":{"line":17,"column":null}},{"start":{},"end":{}}],"line":15},"3":{"loc":{"start":{"line":19,"column":2},"end":{"line":21,"column":null}},"type":"if","locations":[{"start":{"line":19,"column":2},"end":{"line":21,"column":null}},{"start":{},"end":{}}],"line":19},"4":{"loc":{"start":{"line":25,"column":4},"end":{"line":27,"column":null}},"type":"if","locations":[{"start":{"line":25,"column":4},"end":{"line":27,"column":null}},{"start":{},"end":{}}],"line":25},"5":{"loc":{"start":{"line":25,"column":8},"end":{"line":25,"column":79}},"type":"binary-expr","locations":[{"start":{"line":25,"column":8},"end":{"line":25,"column":44}},{"start":{"line":25,"column":44},"end":{"line":25,"column":79}}],"line":25},"6":{"loc":{"start":{"line":31,"column":4},"end":{"line":36,"column":null}},"type":"if","locations":[{"start":{"line":31,"column":4},"end":{"line":36,"column":null}},{"start":{},"end":{}}],"line":31},"7":{"loc":{"start":{"line":40,"column":4},"end":{"line":42,"column":null}},"type":"if","locations":[{"start":{"line":40,"column":4},"end":{"line":42,"column":null}},{"start":{},"end":{}}],"line":40},"8":{"loc":{"start":{"line":44,"column":4},"end":{"line":50,"column":null}},"type":"if","locations":[{"start":{"line":44,"column":4},"end":{"line":50,"column":null}},{"start":{},"end":{}}],"line":44},"9":{"loc":{"start":{"line":46,"column":6},"end":{"line":48,"column":null}},"type":"if","locations":[{"start":{"line":46,"column":6},"end":{"line":48,"column":null}},{"start":{},"end":{}}],"line":46},"10":{"loc":{"start":{"line":52,"column":4},"end":{"line":65,"column":null}},"type":"if","locations":[{"start":{"line":52,"column":4},"end":{"line":65,"column":null}},{"start":{},"end":{}}],"line":52},"11":{"loc":{"start":{"line":56,"column":6},"end":{"line":58,"column":null}},"type":"if","locations":[{"start":{"line":56,"column":6},"end":{"line":58,"column":null}},{"start":{},"end":{}}],"line":56},"12":{"loc":{"start":{"line":60,"column":6},"end":{"line":62,"column":null}},"type":"if","locations":[{"start":{"line":60,"column":6},"end":{"line":62,"column":null}},{"start":{},"end":{}}],"line":60},"13":{"loc":{"start":{"line":78,"column":2},"end":{"line":80,"column":null}},"type":"if","locations":[{"start":{"line":78,"column":2},"end":{"line":80,"column":null}},{"start":{},"end":{}}],"line":78}},"s":{"0":3,"1":24,"2":3,"3":21,"4":21,"5":1,"6":20,"7":5,"8":15,"9":15,"10":15,"11":5,"12":15,"13":15,"14":6,"15":9,"16":9,"17":1,"18":8,"19":2,"20":2,"21":1,"22":1,"23":6,"24":6,"25":6,"26":6,"27":0,"28":6,"29":5,"30":1,"31":0,"32":0,"33":6,"34":6,"35":3,"36":3},"f":{"0":24,"1":6},"b":{"0":[3,21],"1":[24,21],"2":[1,20],"3":[5,15],"4":[5,10],"5":[15,14],"6":[6,9],"7":[1,8],"8":[2,6],"9":[1,1],"10":[6,0],"11":[0,6],"12":[5,1],"13":[3,3]},"meta":{"lastBranch":14,"lastFunction":2,"lastStatement":37,"seen":{"s:6:24:6:Infinity":0,"f:8:16:8:29":0,"b:9:2:11:Infinity:undefined:undefined:undefined:undefined":0,"s:9:2:11:Infinity":1,"b:9:6:9:16:9:16:9:43":1,"s:10:4:10:Infinity":2,"s:13:18:13:Infinity":3,"b:15:2:17:Infinity:undefined:undefined:undefined:undefined":2,"s:15:2:17:Infinity":4,"s:16:4:16:Infinity":5,"b:19:2:21:Infinity:undefined:undefined:undefined:undefined":3,"s:19:2:21:Infinity":6,"s:20:4:20:Infinity":7,"s:23:2:73:Infinity":8,"s:24:20:24:Infinity":9,"b:25:4:27:Infinity:undefined:undefined:undefined:undefined":4,"s:25:4:27:Infinity":10,"b:25:8:25:44:25:44:25:79":5,"s:26:6:26:Infinity":11,"s:29:16:29:Infinity":12,"b:31:4:36:Infinity:undefined:undefined:undefined:undefined":6,"s:31:4:36:Infinity":13,"s:32:6:35:Infinity":14,"s:38:22:38:Infinity":15,"b:40:4:42:Infinity:undefined:undefined:undefined:undefined":7,"s:40:4:42:Infinity":16,"s:41:6:41:Infinity":17,"b:44:4:50:Infinity:undefined:undefined:undefined:undefined":8,"s:44:4:50:Infinity":18,"s:45:26:45:38":19,"b:46:6:48:Infinity:undefined:undefined:undefined:undefined":9,"s:46:6:48:Infinity":20,"s:47:8:47:Infinity":21,"s:49:6:49:Infinity":22,"b:52:4:65:Infinity:undefined:undefined:undefined:undefined":10,"s:52:4:65:Infinity":23,"s:53:23:53:35":24,"s:54:19:54:31":25,"b:56:6:58:Infinity:undefined:undefined:undefined:undefined":11,"s:56:6:58:Infinity":26,"s:57:8:57:Infinity":27,"b:60:6:62:Infinity:undefined:undefined:undefined:undefined":12,"s:60:6:62:Infinity":28,"s:61:8:61:Infinity":29,"s:64:6:64:Infinity":30,"s:67:4:67:Infinity":31,"s:69:4:72:Infinity":32,"f:76:16:76:36":1,"s:77:15:77:71":33,"b:78:2:80:Infinity:undefined:undefined:undefined:undefined":13,"s:78:2:80:Infinity":34,"s:79:4:79:Infinity":35,"s:81:2:81:Infinity":36}}}
,"/home/runner/work/gist-preview/gist-preview/src/lib/reactTranspiler.ts": {"path":"/home/runner/work/gist-preview/gist-preview/src/lib/reactTranspiler.ts","statementMap":{"0":{"start":{"line":28,"column":2},"end":{"line":42,"column":null}},"1":{"start":{"line":32,"column":27},"end":{"line":32,"column":null}},"2":{"start":{"line":33,"column":6},"end":{"line":35,"column":null}},"3":{"start":{"line":34,"column":8},"end":{"line":34,"column":null}},"4":{"start":{"line":36,"column":6},"end":{"line":36,"column":null}},"5":{"start":{"line":52,"column":22},"end":{"line":52,"column":null}},"6":{"start":{"line":53,"column":28},"end":{"line":53,"column":30}},"7":{"start":{"line":56,"column":2},"end":{"line":62,"column":null}},"8":{"start":{"line":57,"column":24},"end":{"line":57,"column":32}},"9":{"start":{"line":59,"column":4},"end":{"line":61,"column":null}},"10":{"start":{"line":60,"column":6},"end":{"line":60,"column":null}},"11":{"start":{"line":64,"column":2},"end":{"line":64,"column":null}},"12":{"start":{"line":71,"column":2},"end":{"line":102,"column":null}},"13":{"start":{"line":72,"column":18},"end":{"line":72,"column":null}},"14":{"start":{"line":74,"column":10},"end":{"line":81,"column":null}},"15":{"start":{"line":83,"column":4},"end":{"line":89,"column":null}},"16":{"start":{"line":84,"column":6},"end":{"line":88,"column":null}},"17":{"start":{"line":91,"column":4},"end":{"line":94,"column":null}},"18":{"start":{"line":96,"column":18},"end":{"line":96,"column":null}},"19":{"start":{"line":97,"column":4},"end":{"line":101,"column":null}},"20":{"start":{"line":110,"column":22},"end":{"line":110,"column":null}},"21":{"start":{"line":112,"column":41},"end":{"line":116,"column":null}},"22":{"start":{"line":118,"column":2},"end":{"line":131,"column":null}},"23":{"start":{"line":120,"column":4},"end":{"line":122,"column":null}},"24":{"start":{"line":121,"column":6},"end":{"line":121,"column":null}},"25":{"start":{"line":125,"column":4},"end":{"line":127,"column":null}},"26":{"start":{"line":126,"column":6},"end":{"line":126,"column":null}},"27":{"start":{"line":130,"column":4},"end":{"line":130,"column":null}},"28":{"start":{"line":138,"column":2},"end":{"line":138,"column":null}},"29":{"start":{"line":145,"column":44},"end":{"line":151,"column":null}},"30":{"start":{"line":154,"column":2},"end":{"line":158,"column":null}},"31":{"start":{"line":155,"column":4},"end":{"line":157,"column":null}},"32":{"start":{"line":156,"column":6},"end":{"line":156,"column":null}},"33":{"start":{"line":160,"column":2},"end":{"line":160,"column":null}}},"fnMap":{"0":{"name":"stripReactImports","decl":{"start":{"line":27,"column":16},"end":{"line":27,"column":34}},"loc":{"start":{"line":27,"column":46},"end":{"line":45,"column":null}},"line":27},"1":{"name":"(anonymous_1)","decl":{"start":{"line":30,"column":80},"end":{"line":30,"column":81}},"loc":{"start":{"line":30,"column":81},"end":{"line":37,"column":null}},"line":30},"2":{"name":"extractImports","decl":{"start":{"line":51,"column":16},"end":{"line":51,"column":31}},"loc":{"start":{"line":51,"column":43},"end":{"line":65,"column":null}},"line":51},"3":{"name":"transpileReactCode","decl":{"start":{"line":70,"column":16},"end":{"line":70,"column":35}},"loc":{"start":{"line":70,"column":83},"end":{"line":103,"column":null}},"line":70},"4":{"name":"resolveImports","decl":{"start":{"line":109,"column":16},"end":{"line":109,"column":31}},"loc":{"start":{"line":109,"column":43},"end":{"line":132,"column":null}},"line":109},"5":{"name":"(anonymous_5)","decl":{"start":{"line":118,"column":35},"end":{"line":118,"column":36}},"loc":{"start":{"line":118,"column":43},"end":{"line":131,"column":null}},"line":118},"6":{"name":"needsReactRuntime","decl":{"start":{"line":137,"column":16},"end":{"line":137,"column":34}},"loc":{"start":{"line":137,"column":46},"end":{"line":139,"column":null}},"line":137},"7":{"name":"generateImportMap","decl":{"start":{"line":144,"column":16},"end":{"line":144,"column":34}},"loc":{"start":{"line":144,"column":51},"end":{"line":161,"column":null}},"line":144}},"branchMap":{"0":{"loc":{"start":{"line":33,"column":6},"end":{"line":35,"column":null}},"type":"if","locations":[{"start":{"line":33,"column":6},"end":{"line":35,"column":null}},{"start":{},"end":{}}],"line":33},"1":{"loc":{"start":{"line":59,"column":4},"end":{"line":61,"column":null}},"type":"if","locations":[{"start":{"line":59,"column":4},"end":{"line":61,"column":null}},{"start":{},"end":{}}],"line":59},"2":{"loc":{"start":{"line":70,"column":49},"end":{"line":70,"column":83}},"type":"default-arg","locations":[{"start":{"line":70,"column":68},"end":{"line":70,"column":83}}],"line":70},"3":{"loc":{"start":{"line":72,"column":18},"end":{"line":72,"column":null}},"type":"binary-expr","locations":[{"start":{"line":72,"column":18},"end":{"line":72,"column":47}},{"start":{"line":72,"column":47},"end":{"line":72,"column":null}}],"line":72},"4":{"loc":{"start":{"line":78,"column":12},"end":{"line":78,"column":null}},"type":"cond-expr","locations":[{"start":{"line":78,"column":20},"end":{"line":78,"column":77}},{"start":{"line":78,"column":77},"end":{"line":78,"column":null}}],"line":78},"5":{"loc":{"start":{"line":83,"column":4},"end":{"line":89,"column":null}},"type":"if","locations":[{"start":{"line":83,"column":4},"end":{"line":89,"column":null}},{"start":{},"end":{}}],"line":83},"6":{"loc":{"start":{"line":83,"column":8},"end":{"line":83,"column":31}},"type":"binary-expr","locations":[{"start":{"line":83,"column":8},"end":{"line":83,"column":19}},{"start":{"line":83,"column":19},"end":{"line":83,"column":31}}],"line":83},"7":{"loc":{"start":{"line":99,"column":13},"end":{"line":99,"column":null}},"type":"binary-expr","locations":[{"start":{"line":99,"column":13},"end":{"line":99,"column":23}},{"start":{"line":99,"column":27},"end":{"line":99,"column":null}}],"line":99},"8":{"loc":{"start":{"line":100,"column":15},"end":{"line":100,"column":null}},"type":"binary-expr","locations":[{"start":{"line":100,"column":15},"end":{"line":100,"column":28}},{"start":{"line":100,"column":32},"end":{"line":100,"column":null}}],"line":100},"9":{"loc":{"start":{"line":120,"column":4},"end":{"line":122,"column":null}},"type":"if","locations":[{"start":{"line":120,"column":4},"end":{"line":122,"column":null}},{"start":{},"end":{}}],"line":120},"10":{"loc":{"start":{"line":120,"column":8},"end":{"line":120,"column":68}},"type":"binary-expr","locations":[{"start":{"line":120,"column":8},"end":{"line":120,"column":39}},{"start":{"line":120,"column":39},"end":{"line":120,"column":68}}],"line":120},"11":{"loc":{"start":{"line":125,"column":4},"end":{"line":127,"column":null}},"type":"if","locations":[{"start":{"line":125,"column":4},"end":{"line":127,"column":null}},{"start":{},"end":{}}],"line":125},"12":{"loc":{"start":{"line":155,"column":4},"end":{"line":157,"column":null}},"type":"if","locations":[{"start":{"line":155,"column":4},"end":{"line":157,"column":null}},{"start":{},"end":{}}],"line":155},"13":{"loc":{"start":{"line":155,"column":8},"end":{"line":155,"column":73}},"type":"binary-expr","locations":[{"start":{"line":155,"column":8},"end":{"line":155,"column":23}},{"start":{"line":155,"column":27},"end":{"line":155,"column":51}},{"start":{"line":155,"column":51},"end":{"line":155,"column":73}}],"line":155}},"s":{"0":0,"1":0,"2":0,"3":0,"4":0,"5":4,"6":4,"7":4,"8":8,"9":8,"10":4,"11":4,"12":5,"13":5,"14":5,"15":5,"16":0,"17":4,"18":1,"19":1,"20":6,"21":6,"22":6,"23":7,"24":1,"25":6,"26":5,"27":1,"28":6,"29":7,"30":7,"31":7,"32":3,"33":7},"f":{"0":0,"1":0,"2":4,"3":5,"4":6,"5":7,"6":6,"7":7},"b":{"0":[0,0],"1":[4,4],"2":[5],"3":[5,4],"4":[1,4],"5":[0,5],"6":[5,4],"7":[1,0],"8":[1,0],"9":[1,6],"10":[7,6],"11":[5,1],"12":[3,4],"13":[7,7,3]},"meta":{"lastBranch":14,"lastFunction":8,"lastStatement":34,"seen":{"f:27:16:27:34":0,"s:28:2:42:Infinity":0,"f:30:80:30:81":1,"s:32:27:32:Infinity":1,"b:33:6:35:Infinity:undefined:undefined:undefined:undefined":0,"s:33:6:35:Infinity":2,"s:34:8:34:Infinity":3,"s:36:6:36:Infinity":4,"f:51:16:51:31":2,"s:52:22:52:Infinity":5,"s:53:28:53:30":6,"s:56:2:62:Infinity":7,"s:57:24:57:32":8,"b:59:4:61:Infinity:undefined:undefined:undefined:undefined":1,"s:59:4:61:Infinity":9,"s:60:6:60:Infinity":10,"s:64:2:64:Infinity":11,"f:70:16:70:35":3,"b:70:68:70:83":2,"s:71:2:102:Infinity":12,"s:72:18:72:Infinity":13,"b:72:18:72:47:72:47:72:Infinity":3,"s:74:10:81:Infinity":14,"b:78:20:78:77:78:77:78:Infinity":4,"b:83:4:89:Infinity:undefined:undefined:undefined:undefined":5,"s:83:4:89:Infinity":15,"b:83:8:83:19:83:19:83:31":6,"s:84:6:88:Infinity":16,"s:91:4:94:Infinity":17,"s:96:18:96:Infinity":18,"s:97:4:101:Infinity":19,"b:99:13:99:23:99:27:99:Infinity":7,"b:100:15:100:28:100:32:100:Infinity":8,"f:109:16:109:31":4,"s:110:22:110:Infinity":20,"s:112:41:116:Infinity":21,"s:118:2:131:Infinity":22,"f:118:35:118:36":5,"b:120:4:122:Infinity:undefined:undefined:undefined:undefined":9,"s:120:4:122:Infinity":23,"b:120:8:120:39:120:39:120:68":10,"s:121:6:121:Infinity":24,"b:125:4:127:Infinity:undefined:undefined:undefined:undefined":11,"s:125:4:127:Infinity":25,"s:126:6:126:Infinity":26,"s:130:4:130:Infinity":27,"f:137:16:137:34":6,"s:138:2:138:Infinity":28,"f:144:16:144:34":7,"s:145:44:151:Infinity":29,"s:154:2:158:Infinity":30,"b:155:4:157:Infinity:undefined:undefined:undefined:undefined":12,"s:155:4:157:Infinity":31,"b:155:8:155:23:155:27:155:51:155:51:155:73":13,"s:156:6:156:Infinity":32,"s:160:2:160:Infinity":33}}}
,"/home/runner/work/gist-preview/gist-preview/src/lib/utils.ts": {"path":"/home/runner/work/gist-preview/gist-preview/src/lib/utils.ts","statementMap":{"0":{"start":{"line":5,"column":2},"end":{"line":5,"column":null}}},"fnMap":{"0":{"name":"cn","decl":{"start":{"line":4,"column":16},"end":{"line":4,"column":19}},"loc":{"start":{"line":4,"column":42},"end":{"line":6,"column":null}},"line":4}},"branchMap":{},"s":{"0":804},"f":{"0":804},"b":{},"meta":{"lastBranch":0,"lastFunction":1,"lastStatement":1,"seen":{"f:4:16:4:19":0,"s:5:2:5:Infinity":0}}}
}
